Connecting to database specified by database.yml
Connecting to database specified by database.yml
Connecting to database specified by database.yml
  [1m[36m (0.2ms)[0m  [1mselect sqlite_version(*)[0m
  [1m[35m (182.7ms)[0m  CREATE TABLE "schema_migrations" ("version" varchar(255) NOT NULL) 
  [1m[36m (0.1ms)[0m  [1mPRAGMA index_list("schema_migrations")[0m
  [1m[35m (292.3ms)[0m  CREATE UNIQUE INDEX "unique_schema_migrations" ON "schema_migrations" ("version")
  [1m[36m (0.1ms)[0m  [1mSELECT "schema_migrations"."version" FROM "schema_migrations" [0m
Migrating to CreateProducts (20120825221648)
  [1m[35m (0.1ms)[0m  begin transaction
  [1m[36m (0.8ms)[0m  [1mCREATE TABLE "products" ("id" INTEGER PRIMARY KEY AUTOINCREMENT NOT NULL, "name" varchar(255), "details" text, "image" varchar(255), "is_subscription" boolean, "sub_frequency" integer, "sub_period" varchar(255), "has_sibling" boolean, "sub_price" decimal(8,2), "created_at" datetime NOT NULL, "updated_at" datetime NOT NULL) [0m
  [1m[35m (0.3ms)[0m  INSERT INTO "schema_migrations" ("version") VALUES ('20120825221648')
  [1m[36m (458.5ms)[0m  [1mcommit transaction[0m
Migrating to CreateSubscriptions (20120825222351)
  [1m[35m (0.1ms)[0m  begin transaction
  [1m[36m (0.6ms)[0m  [1mCREATE TABLE "subscriptions" ("id" INTEGER PRIMARY KEY AUTOINCREMENT NOT NULL, "user_id" integer, "street" varchar(255), "town" varchar(255), "county" varchar(255), "postcode" varchar(255), "status" varchar(255), "first_delivery" date, "resource_id" varchar(255), "created_at" datetime NOT NULL, "updated_at" datetime NOT NULL) [0m
  [1m[35m (0.2ms)[0m  INSERT INTO "schema_migrations" ("version") VALUES ('20120825222351')
  [1m[36m (229.9ms)[0m  [1mcommit transaction[0m
Migrating to CreateSubscriptionItems (20120825222507)
  [1m[35m (0.1ms)[0m  begin transaction
  [1m[36m (0.6ms)[0m  [1mCREATE TABLE "subscription_items" ("id" INTEGER PRIMARY KEY AUTOINCREMENT NOT NULL, "subscription_id" integer, "product_id" integer, "quantity" integer, "price" decimal(8,2), "recipient1" varchar(255), "age1" integer, "gender1" varchar(255), "recipient2" varchar(255), "age2" integer, "gender2" varchar(255), "created_at" datetime NOT NULL, "updated_at" datetime NOT NULL) [0m
  [1m[35m (0.2ms)[0m  INSERT INTO "schema_migrations" ("version") VALUES ('20120825222507')
  [1m[36m (196.2ms)[0m  [1mcommit transaction[0m
Migrating to CreateUsers (20120825224456)
  [1m[35m (0.1ms)[0m  begin transaction
  [1m[36m (1.0ms)[0m  [1mCREATE TABLE "users" ("id" INTEGER PRIMARY KEY AUTOINCREMENT NOT NULL, "email" varchar(255), "password_digest" varchar(255), "created_at" datetime NOT NULL, "updated_at" datetime NOT NULL) [0m
  [1m[35m (0.3ms)[0m  INSERT INTO "schema_migrations" ("version") VALUES ('20120825224456')
  [1m[36m (195.0ms)[0m  [1mcommit transaction[0m
Migrating to DeviseCreateAdminUsers (20120825230403)
  [1m[35m (0.1ms)[0m  begin transaction
  [1m[36m (0.8ms)[0m  [1mCREATE TABLE "admin_users" ("id" INTEGER PRIMARY KEY AUTOINCREMENT NOT NULL, "email" varchar(255) DEFAULT '' NOT NULL, "encrypted_password" varchar(255) DEFAULT '' NOT NULL, "reset_password_token" varchar(255), "reset_password_sent_at" datetime, "remember_created_at" datetime, "sign_in_count" integer DEFAULT 0, "current_sign_in_at" datetime, "last_sign_in_at" datetime, "current_sign_in_ip" varchar(255), "last_sign_in_ip" varchar(255), "created_at" datetime NOT NULL, "updated_at" datetime NOT NULL) [0m
  [1m[35mAdminUser Exists (0.2ms)[0m  SELECT 1 AS one FROM "admin_users" WHERE "admin_users"."email" = 'admin@example.com' LIMIT 1
Binary data inserted for `string` type on column `encrypted_password`
  [1m[36mSQL (24.8ms)[0m  [1mINSERT INTO "admin_users" ("created_at", "current_sign_in_at", "current_sign_in_ip", "email", "encrypted_password", "last_sign_in_at", "last_sign_in_ip", "remember_created_at", "reset_password_sent_at", "reset_password_token", "sign_in_count", "updated_at") VALUES (?, ?, ?, ?, ?, ?, ?, ?, ?, ?, ?, ?)[0m  [["created_at", Fri, 28 Sep 2012 12:39:18 UTC +00:00], ["current_sign_in_at", nil], ["current_sign_in_ip", nil], ["email", "admin@example.com"], ["encrypted_password", "$2a$10$7NGGCvnNpHBFrAoefi1KQegcDJCPC.labo92GnimaL0qm89oZNvmK"], ["last_sign_in_at", nil], ["last_sign_in_ip", nil], ["remember_created_at", nil], ["reset_password_sent_at", nil], ["reset_password_token", nil], ["sign_in_count", 0], ["updated_at", Fri, 28 Sep 2012 12:39:18 UTC +00:00]]
  [1m[35m (0.1ms)[0m  PRAGMA index_list("admin_users")
  [1m[36m (21.7ms)[0m  [1mCREATE UNIQUE INDEX "index_admin_users_on_email" ON "admin_users" ("email")[0m
  [1m[35m (0.2ms)[0m  PRAGMA index_list("admin_users")
  [1m[36m (0.1ms)[0m  [1mPRAGMA index_info('index_admin_users_on_email')[0m
  [1m[35m (0.4ms)[0m  CREATE UNIQUE INDEX "index_admin_users_on_reset_password_token" ON "admin_users" ("reset_password_token")
  [1m[36m (0.2ms)[0m  [1mINSERT INTO "schema_migrations" ("version") VALUES ('20120825230403')[0m
  [1m[35m (230.8ms)[0m  commit transaction
Migrating to CreateAdminNotes (20120826000407)
  [1m[36m (0.1ms)[0m  [1mbegin transaction[0m
  [1m[35m (0.7ms)[0m  CREATE TABLE "admin_notes" ("id" INTEGER PRIMARY KEY AUTOINCREMENT NOT NULL, "resource_id" varchar(255) NOT NULL, "resource_type" varchar(255) NOT NULL, "admin_user_id" integer, "admin_user_type" varchar(255), "body" text, "created_at" datetime NOT NULL, "updated_at" datetime NOT NULL) 
  [1m[36m (0.1ms)[0m  [1mPRAGMA index_list("admin_notes")[0m
  [1m[35m (0.3ms)[0m  CREATE INDEX "index_admin_notes_on_resource_type_and_resource_id" ON "admin_notes" ("resource_type", "resource_id")
  [1m[36m (0.1ms)[0m  [1mPRAGMA index_list("admin_notes")[0m
  [1m[35m (0.1ms)[0m  PRAGMA index_info('index_admin_notes_on_resource_type_and_resource_id')
  [1m[36m (0.3ms)[0m  [1mCREATE INDEX "index_admin_notes_on_admin_user_type_and_admin_user_id" ON "admin_notes" ("admin_user_type", "admin_user_id")[0m
  [1m[35m (0.2ms)[0m  INSERT INTO "schema_migrations" ("version") VALUES ('20120826000407')
  [1m[36m (194.2ms)[0m  [1mcommit transaction[0m
Migrating to MoveAdminNotesToComments (20120826000408)
  [1m[35m (0.1ms)[0m  begin transaction
  [1m[36m (0.1ms)[0m  [1mPRAGMA index_list("admin_notes")[0m
  [1m[35m (0.1ms)[0m  PRAGMA index_info('index_admin_notes_on_admin_user_type_and_admin_user_id')
  [1m[36m (0.1ms)[0m  [1mPRAGMA index_info('index_admin_notes_on_resource_type_and_resource_id')[0m
  [1m[35m (0.4ms)[0m  DROP INDEX "index_admin_notes_on_admin_user_type_and_admin_user_id"
  [1m[36m (0.5ms)[0m  [1mALTER TABLE "admin_notes" RENAME TO "active_admin_comments"[0m
  [1m[35m (0.7ms)[0m  CREATE TEMPORARY TABLE "altered_active_admin_comments" ("id" INTEGER PRIMARY KEY AUTOINCREMENT NOT NULL, "resource_id" varchar(255) NOT NULL, "resource_type" varchar(255) NOT NULL, "admin_user_id" integer, "author_type" varchar(255), "body" text, "created_at" datetime NOT NULL, "updated_at" datetime NOT NULL) 
  [1m[36m (0.1ms)[0m  [1mPRAGMA index_list("active_admin_comments")[0m
  [1m[35m (0.1ms)[0m  PRAGMA index_info('index_admin_notes_on_resource_type_and_resource_id')
  [1m[36m (0.1ms)[0m  [1mPRAGMA index_list("altered_active_admin_comments")[0m
  [1m[35m (0.3ms)[0m  CREATE INDEX "temp_index_admin_notes_on_resource_type_and_resource_id" ON "altered_active_admin_comments" ("resource_type", "resource_id")
  [1m[36m (0.1ms)[0m  [1mSELECT * FROM "active_admin_comments"[0m
  [1m[35m (0.5ms)[0m  DROP TABLE "active_admin_comments"
  [1m[36m (0.4ms)[0m  [1mCREATE TABLE "active_admin_comments" ("id" INTEGER PRIMARY KEY AUTOINCREMENT NOT NULL, "resource_id" varchar(255) NOT NULL, "resource_type" varchar(255) NOT NULL, "admin_user_id" integer, "author_type" varchar(255), "body" text, "created_at" datetime NOT NULL, "updated_at" datetime NOT NULL) [0m
  [1m[35m (0.1ms)[0m  PRAGMA index_list("altered_active_admin_comments")
  [1m[36m (0.1ms)[0m  [1mPRAGMA index_info('temp_index_admin_notes_on_resource_type_and_resource_id')[0m
  [1m[35m (0.0ms)[0m  PRAGMA index_list("active_admin_comments")
  [1m[36m (0.3ms)[0m  [1mCREATE INDEX "index_admin_notes_on_resource_type_and_resource_id" ON "active_admin_comments" ("resource_type", "resource_id")[0m
  [1m[35m (0.1ms)[0m  SELECT * FROM "altered_active_admin_comments"
  [1m[36m (0.4ms)[0m  [1mDROP TABLE "altered_active_admin_comments"[0m
  [1m[35m (0.4ms)[0m  CREATE TEMPORARY TABLE "altered_active_admin_comments" ("id" INTEGER PRIMARY KEY AUTOINCREMENT NOT NULL, "resource_id" varchar(255) NOT NULL, "resource_type" varchar(255) NOT NULL, "author_id" integer, "author_type" varchar(255), "body" text, "created_at" datetime NOT NULL, "updated_at" datetime NOT NULL) 
  [1m[36m (0.1ms)[0m  [1mPRAGMA index_list("active_admin_comments")[0m
  [1m[35m (0.1ms)[0m  PRAGMA index_info('index_admin_notes_on_resource_type_and_resource_id')
  [1m[36m (0.1ms)[0m  [1mPRAGMA index_list("altered_active_admin_comments")[0m
  [1m[35m (0.3ms)[0m  CREATE INDEX "temp_index_admin_notes_on_resource_type_and_resource_id" ON "altered_active_admin_comments" ("resource_type", "resource_id")
  [1m[36m (0.1ms)[0m  [1mSELECT * FROM "active_admin_comments"[0m
  [1m[35m (0.4ms)[0m  DROP TABLE "active_admin_comments"
  [1m[36m (0.3ms)[0m  [1mCREATE TABLE "active_admin_comments" ("id" INTEGER PRIMARY KEY AUTOINCREMENT NOT NULL, "resource_id" varchar(255) NOT NULL, "resource_type" varchar(255) NOT NULL, "author_id" integer, "author_type" varchar(255), "body" text, "created_at" datetime NOT NULL, "updated_at" datetime NOT NULL) [0m
  [1m[35m (0.1ms)[0m  PRAGMA index_list("altered_active_admin_comments")
  [1m[36m (0.1ms)[0m  [1mPRAGMA index_info('temp_index_admin_notes_on_resource_type_and_resource_id')[0m
  [1m[35m (0.1ms)[0m  PRAGMA index_list("active_admin_comments")
  [1m[36m (0.3ms)[0m  [1mCREATE INDEX "index_admin_notes_on_resource_type_and_resource_id" ON "active_admin_comments" ("resource_type", "resource_id")[0m
  [1m[35m (0.2ms)[0m  SELECT * FROM "altered_active_admin_comments"
  [1m[36m (0.3ms)[0m  [1mDROP TABLE "altered_active_admin_comments"[0m
  [1m[35m (0.4ms)[0m  ALTER TABLE "active_admin_comments" ADD "namespace" varchar(255)
  [1m[36m (0.1ms)[0m  [1mPRAGMA index_list("active_admin_comments")[0m
  [1m[35m (0.1ms)[0m  PRAGMA index_info('index_admin_notes_on_resource_type_and_resource_id')
  [1m[36m (0.3ms)[0m  [1mCREATE INDEX "index_active_admin_comments_on_namespace" ON "active_admin_comments" ("namespace")[0m
  [1m[35m (0.1ms)[0m  PRAGMA index_list("active_admin_comments")
  [1m[36m (0.1ms)[0m  [1mPRAGMA index_info('index_active_admin_comments_on_namespace')[0m
  [1m[35m (0.1ms)[0m  PRAGMA index_info('index_admin_notes_on_resource_type_and_resource_id')
  [1m[36m (0.4ms)[0m  [1mCREATE INDEX "index_active_admin_comments_on_author_type_and_author_id" ON "active_admin_comments" ("author_type", "author_id")[0m
  [1m[35m (0.1ms)[0m  UPDATE active_admin_comments SET namespace='admin'
  [1m[36m (0.2ms)[0m  [1mINSERT INTO "schema_migrations" ("version") VALUES ('20120826000408')[0m
  [1m[35m (198.2ms)[0m  commit transaction
Migrating to CreateArticleCategories (20120827121457)
  [1m[36m (0.1ms)[0m  [1mbegin transaction[0m
  [1m[35m (0.6ms)[0m  CREATE TABLE "article_categories" ("id" INTEGER PRIMARY KEY AUTOINCREMENT NOT NULL, "name" varchar(255), "created_at" datetime NOT NULL, "updated_at" datetime NOT NULL) 
  [1m[36m (0.2ms)[0m  [1mINSERT INTO "schema_migrations" ("version") VALUES ('20120827121457')[0m
  [1m[35m (197.9ms)[0m  commit transaction
Migrating to CreateArticles (20120827121540)
  [1m[36m (0.1ms)[0m  [1mbegin transaction[0m
  [1m[35m (0.6ms)[0m  CREATE TABLE "articles" ("id" INTEGER PRIMARY KEY AUTOINCREMENT NOT NULL, "title" varchar(255), "body" text, "published" boolean, "article_category_id" integer, "permalink" varchar(255), "image" varchar(255), "created_at" datetime NOT NULL, "updated_at" datetime NOT NULL) 
  [1m[36m (0.2ms)[0m  [1mINSERT INTO "schema_migrations" ("version") VALUES ('20120827121540')[0m
  [1m[35m (218.5ms)[0m  commit transaction
Migrating to CreateComments (20120827155109)
  [1m[36m (0.1ms)[0m  [1mbegin transaction[0m
  [1m[35m (0.7ms)[0m  CREATE TABLE "comments" ("id" INTEGER PRIMARY KEY AUTOINCREMENT NOT NULL, "article_id" integer, "guest_email" varchar(255), "guest_username" varchar(255), "comment" text, "status" varchar(255), "created_at" datetime NOT NULL, "updated_at" datetime NOT NULL) 
  [1m[36m (0.1ms)[0m  [1mPRAGMA index_list("comments")[0m
  [1m[35m (0.3ms)[0m  CREATE INDEX "index_comments_on_article_id" ON "comments" ("article_id")
  [1m[36m (0.1ms)[0m  [1mINSERT INTO "schema_migrations" ("version") VALUES ('20120827155109')[0m
  [1m[35m (191.3ms)[0m  commit transaction
Migrating to AddGiftMessageToSubscriptions (20120918142319)
  [1m[36m (0.1ms)[0m  [1mbegin transaction[0m
  [1m[35m (1.1ms)[0m  ALTER TABLE "subscriptions" ADD "gift_message" text
  [1m[36m (0.2ms)[0m  [1mINSERT INTO "schema_migrations" ("version") VALUES ('20120918142319')[0m
  [1m[35m (186.0ms)[0m  commit transaction
  [1m[36m (1.0ms)[0m  [1mselect sqlite_version(*)[0m
  [1m[35m (0.2ms)[0m  SELECT "schema_migrations"."version" FROM "schema_migrations" 
  [1m[36m (0.1ms)[0m  [1mPRAGMA index_list("active_admin_comments")[0m
  [1m[35m (0.1ms)[0m  PRAGMA index_info('index_active_admin_comments_on_author_type_and_author_id')
  [1m[36m (0.1ms)[0m  [1mPRAGMA index_info('index_active_admin_comments_on_namespace')[0m
  [1m[35m (0.1ms)[0m  PRAGMA index_info('index_admin_notes_on_resource_type_and_resource_id')
  [1m[36m (0.1ms)[0m  [1mPRAGMA index_list("admin_users")[0m
  [1m[35m (0.1ms)[0m  PRAGMA index_info('index_admin_users_on_reset_password_token')
  [1m[36m (0.1ms)[0m  [1mPRAGMA index_info('index_admin_users_on_email')[0m
  [1m[35m (0.1ms)[0m  PRAGMA index_list("article_categories")
  [1m[36m (0.1ms)[0m  [1mPRAGMA index_list("articles")[0m
  [1m[35m (0.1ms)[0m  PRAGMA index_list("comments")
  [1m[36m (0.1ms)[0m  [1mPRAGMA index_info('index_comments_on_article_id')[0m
  [1m[35m (0.1ms)[0m  PRAGMA index_list("products")
  [1m[36m (0.1ms)[0m  [1mPRAGMA index_list("subscription_items")[0m
  [1m[35m (0.1ms)[0m  PRAGMA index_list("subscriptions")
  [1m[36m (0.1ms)[0m  [1mPRAGMA index_list("users")[0m
Connecting to database specified by database.yml


Started GET "/" for 127.0.0.1 at 2012-09-28 13:40:51 +0100
Processing by PagesController#index as HTML
  Rendered pages/index.html.erb within layouts/application (8.1ms)
Compiled foundation/globals.css  (194ms)  (pid 7533)
Compiled foundation/typography.css  (76ms)  (pid 7533)
Compiled foundation/grid.css  (113ms)  (pid 7533)
Compiled foundation/ui.css  (437ms)  (pid 7533)
Compiled foundation/forms.css  (184ms)  (pid 7533)
Compiled foundation/orbit.css  (90ms)  (pid 7533)
Compiled foundation/reveal.css  (54ms)  (pid 7533)
Compiled foundation/mobile.css  (271ms)  (pid 7533)
Compiled foundation/index.css  (1591ms)  (pid 7533)
Compiled styles.css  (0ms)  (pid 7533)
Compiled application.css  (1632ms)  (pid 7533)
Compiled jquery.js  (10ms)  (pid 7533)
Compiled jquery_ujs.js  (0ms)  (pid 7533)
Compiled jquery.purr.js  (0ms)  (pid 7533)
Compiled best_in_place.js  (1ms)  (pid 7533)
Compiled foundation/modernizr.foundation.js  (0ms)  (pid 7533)
Compiled foundation/jquery.reveal.js  (0ms)  (pid 7533)
Compiled foundation/jquery.orbit-1.4.0.js  (0ms)  (pid 7533)
Compiled foundation/jquery.customforms.js  (0ms)  (pid 7533)
Compiled foundation/jquery.placeholder.min.js  (0ms)  (pid 7533)
Compiled foundation/jquery.tooltips.js  (0ms)  (pid 7533)
Compiled foundation/app.js  (0ms)  (pid 7533)
Compiled foundation/index.js  (158ms)  (pid 7533)
Compiled account.js  (199ms)  (pid 7533)
Compiled jquery-ui.js  (59ms)  (pid 7533)
Compiled active_admin/lib/namespace.js  (4ms)  (pid 7533)
Compiled active_admin/components/jquery.aa.checkbox-toggler.js  (25ms)  (pid 7533)
Compiled active_admin/components/jquery.aa.dropdown-menu.js  (20ms)  (pid 7533)
Compiled active_admin/components/jquery.aa.popover.js  (16ms)  (pid 7533)
Compiled active_admin/components/jquery.aa.table-checkbox-toggler.js  (6ms)  (pid 7533)
Compiled active_admin/pages/application.js  (3ms)  (pid 7533)
Compiled active_admin/pages/batch_actions.js  (6ms)  (pid 7533)
Compiled active_admin/application.js  (217ms)  (pid 7533)
Compiled active_admin/base.js  (310ms)  (pid 7533)
Compiled active_admin.js  (326ms)  (pid 7533)
Compiled articles.js  (0ms)  (pid 7533)
Compiled comments.js  (0ms)  (pid 7533)
Compiled gocardless.js  (0ms)  (pid 7533)
Compiled join.js  (0ms)  (pid 7533)
Compiled pages.js  (0ms)  (pid 7533)
Compiled sessions.js  (0ms)  (pid 7533)
Compiled subscriptions.js  (1ms)  (pid 7533)
Compiled users.js  (0ms)  (pid 7533)
Compiled application.js  (867ms)  (pid 7533)
  [1m[36mArticle Load (0.3ms)[0m  [1mSELECT "articles".* FROM "articles" WHERE (published = 't') ORDER BY created_at DESC LIMIT 4[0m
Completed 200 OK in 3040ms (Views: 3036.9ms | ActiveRecord: 1.6ms)


Started GET "/assets/application.css?body=1" for 127.0.0.1 at 2012-09-28 13:40:54 +0100
Served asset /application.css - 200 OK (99ms)


Started GET "/assets/foundation/forms.css?body=1" for 127.0.0.1 at 2012-09-28 13:40:54 +0100
Served asset /foundation/forms.css - 200 OK (7ms)


Started GET "/assets/foundation/typography.css?body=1" for 127.0.0.1 at 2012-09-28 13:40:54 +0100
Served asset /foundation/typography.css - 200 OK (20ms)


Started GET "/assets/foundation/globals.css?body=1" for 127.0.0.1 at 2012-09-28 13:40:54 +0100
Served asset /foundation/globals.css - 200 OK (7ms)


Started GET "/assets/foundation/ui.css?body=1" for 127.0.0.1 at 2012-09-28 13:40:54 +0100
Served asset /foundation/ui.css - 200 OK (18ms)


Started GET "/assets/foundation/grid.css?body=1" for 127.0.0.1 at 2012-09-28 13:40:54 +0100
Served asset /foundation/grid.css - 200 OK (7ms)


Started GET "/assets/foundation/orbit.css?body=1" for 127.0.0.1 at 2012-09-28 13:40:54 +0100
Served asset /foundation/orbit.css - 200 OK (7ms)


Started GET "/assets/foundation/reveal.css?body=1" for 127.0.0.1 at 2012-09-28 13:40:54 +0100
Served asset /foundation/reveal.css - 200 OK (10ms)


Started GET "/assets/foundation/mobile.css?body=1" for 127.0.0.1 at 2012-09-28 13:40:54 +0100
Served asset /foundation/mobile.css - 200 OK (7ms)


Started GET "/assets/foundation/index.css?body=1" for 127.0.0.1 at 2012-09-28 13:40:54 +0100
Served asset /foundation/index.css - 200 OK (35ms)


Started GET "/assets/styles.css?body=1" for 127.0.0.1 at 2012-09-28 13:40:54 +0100
Served asset /styles.css - 200 OK (4ms)


Started GET "/assets/jquery.js?body=1" for 127.0.0.1 at 2012-09-28 13:40:54 +0100
Served asset /jquery.js - 200 OK (7ms)


Started GET "/assets/jquery_ujs.js?body=1" for 127.0.0.1 at 2012-09-28 13:40:54 +0100
Served asset /jquery_ujs.js - 200 OK (10ms)


Started GET "/assets/jquery.purr.js?body=1" for 127.0.0.1 at 2012-09-28 13:40:54 +0100
Served asset /jquery.purr.js - 200 OK (8ms)


Started GET "/assets/best_in_place.js?body=1" for 127.0.0.1 at 2012-09-28 13:40:54 +0100
Served asset /best_in_place.js - 200 OK (4ms)


Started GET "/assets/foundation/jquery.reveal.js?body=1" for 127.0.0.1 at 2012-09-28 13:40:54 +0100
Served asset /foundation/jquery.reveal.js - 200 OK (10ms)


Started GET "/assets/foundation/modernizr.foundation.js?body=1" for 127.0.0.1 at 2012-09-28 13:40:54 +0100
Served asset /foundation/modernizr.foundation.js - 200 OK (7ms)


Started GET "/assets/foundation/jquery.orbit-1.4.0.js?body=1" for 127.0.0.1 at 2012-09-28 13:40:54 +0100
Served asset /foundation/jquery.orbit-1.4.0.js - 200 OK (10ms)


Started GET "/assets/foundation/jquery.customforms.js?body=1" for 127.0.0.1 at 2012-09-28 13:40:54 +0100
Served asset /foundation/jquery.customforms.js - 200 OK (84ms)


Started GET "/assets/foundation/jquery.placeholder.min.js?body=1" for 127.0.0.1 at 2012-09-28 13:40:54 +0100
Served asset /foundation/jquery.placeholder.min.js - 200 OK (6ms)


Started GET "/assets/foundation/jquery.tooltips.js?body=1" for 127.0.0.1 at 2012-09-28 13:40:54 +0100
Served asset /foundation/jquery.tooltips.js - 200 OK (6ms)


Started GET "/assets/account.js?body=1" for 127.0.0.1 at 2012-09-28 13:40:54 +0100
Served asset /account.js - 200 OK (4ms)


Started GET "/assets/foundation/index.js?body=1" for 127.0.0.1 at 2012-09-28 13:40:54 +0100
Served asset /foundation/index.js - 200 OK (39ms)


Started GET "/assets/foundation/app.js?body=1" for 127.0.0.1 at 2012-09-28 13:40:54 +0100
Served asset /foundation/app.js - 200 OK (6ms)


Started GET "/assets/jquery-ui.js?body=1" for 127.0.0.1 at 2012-09-28 13:40:54 +0100
Served asset /jquery-ui.js - 200 OK (10ms)


Started GET "/assets/active_admin/lib/namespace.js?body=1" for 127.0.0.1 at 2012-09-28 13:40:55 +0100
Served asset /active_admin/lib/namespace.js - 200 OK (4ms)


Started GET "/assets/active_admin/components/jquery.aa.checkbox-toggler.js?body=1" for 127.0.0.1 at 2012-09-28 13:40:55 +0100
Served asset /active_admin/components/jquery.aa.checkbox-toggler.js - 200 OK (11ms)


Started GET "/assets/active_admin/components/jquery.aa.dropdown-menu.js?body=1" for 127.0.0.1 at 2012-09-28 13:40:55 +0100
Served asset /active_admin/components/jquery.aa.dropdown-menu.js - 200 OK (8ms)


Started GET "/assets/active_admin/components/jquery.aa.popover.js?body=1" for 127.0.0.1 at 2012-09-28 13:40:55 +0100
Served asset /active_admin/components/jquery.aa.popover.js - 200 OK (4ms)


Started GET "/assets/active_admin/components/jquery.aa.table-checkbox-toggler.js?body=1" for 127.0.0.1 at 2012-09-28 13:40:55 +0100
Served asset /active_admin/components/jquery.aa.table-checkbox-toggler.js - 200 OK (9ms)


Started GET "/assets/active_admin/pages/application.js?body=1" for 127.0.0.1 at 2012-09-28 13:40:55 +0100
Served asset /active_admin/pages/application.js - 200 OK (4ms)


Started GET "/assets/active_admin/pages/batch_actions.js?body=1" for 127.0.0.1 at 2012-09-28 13:40:55 +0100
Served asset /active_admin/pages/batch_actions.js - 200 OK (9ms)


Started GET "/assets/active_admin/application.js?body=1" for 127.0.0.1 at 2012-09-28 13:40:55 +0100
Served asset /active_admin/application.js - 200 OK (29ms)


Started GET "/assets/active_admin/base.js?body=1" for 127.0.0.1 at 2012-09-28 13:40:55 +0100
Served asset /active_admin/base.js - 200 OK (42ms)


Started GET "/assets/active_admin.js?body=1" for 127.0.0.1 at 2012-09-28 13:40:55 +0100
Served asset /active_admin.js - 200 OK (107ms)


Started GET "/assets/articles.js?body=1" for 127.0.0.1 at 2012-09-28 13:40:55 +0100
Served asset /articles.js - 200 OK (3ms)


Started GET "/assets/comments.js?body=1" for 127.0.0.1 at 2012-09-28 13:40:55 +0100
Served asset /comments.js - 200 OK (3ms)


Started GET "/assets/gocardless.js?body=1" for 127.0.0.1 at 2012-09-28 13:40:55 +0100
Served asset /gocardless.js - 200 OK (3ms)


Started GET "/assets/join.js?body=1" for 127.0.0.1 at 2012-09-28 13:40:55 +0100
Served asset /join.js - 200 OK (3ms)


Started GET "/assets/pages.js?body=1" for 127.0.0.1 at 2012-09-28 13:40:55 +0100
Served asset /pages.js - 200 OK (7ms)


Started GET "/assets/sessions.js?body=1" for 127.0.0.1 at 2012-09-28 13:40:55 +0100
Served asset /sessions.js - 200 OK (7ms)


Started GET "/assets/subscriptions.js?body=1" for 127.0.0.1 at 2012-09-28 13:40:55 +0100
Served asset /subscriptions.js - 200 OK (4ms)


Started GET "/assets/users.js?body=1" for 127.0.0.1 at 2012-09-28 13:40:55 +0100
Served asset /users.js - 200 OK (3ms)


Started GET "/assets/application.js?body=1" for 127.0.0.1 at 2012-09-28 13:40:55 +0100
Served asset /application.js - 200 OK (96ms)


Started GET "/assets/social/facebook.png" for 127.0.0.1 at 2012-09-28 13:40:55 +0100
Served asset /social/facebook.png - 200 OK (3ms)


Started GET "/assets/social/twitter.png" for 127.0.0.1 at 2012-09-28 13:40:55 +0100
Served asset /social/twitter.png - 200 OK (4ms)


Started GET "/assets/social/pinterest.png" for 127.0.0.1 at 2012-09-28 13:40:55 +0100
Served asset /social/pinterest.png - 200 OK (4ms)


Started GET "/assets/logo-sketched.png" for 127.0.0.1 at 2012-09-28 13:40:55 +0100
Served asset /logo-sketched.png - 200 OK (4ms)


Started GET "/assets/box-home.jpg" for 127.0.0.1 at 2012-09-28 13:40:55 +0100
Served asset /box-home.jpg - 200 OK (4ms)


Started GET "/assets/busy-box-300x100.png" for 127.0.0.1 at 2012-09-28 13:40:55 +0100
Served asset /busy-box-300x100.png - 200 OK (4ms)


Started GET "/assets/foundation/misc/button-gloss.png" for 127.0.0.1 at 2012-09-28 13:40:55 +0100
Served asset /foundation/misc/button-gloss.png - 200 OK (80ms)


Started GET "/assets/sibling-home-box.png" for 127.0.0.1 at 2012-09-28 13:40:55 +0100
Served asset /sibling-home-box.png - 200 OK (5ms)


Started GET "/assets/foundation/misc/input-bg.png" for 127.0.0.1 at 2012-09-28 13:40:55 +0100
Served asset /foundation/misc/input-bg.png - 200 OK (8ms)


Started GET "/assets/box-home-box.png" for 127.0.0.1 at 2012-09-28 13:40:55 +0100
Served asset /box-home-box.png - 200 OK (5ms)


Started GET "/assets/works-home-box.png" for 127.0.0.1 at 2012-09-28 13:40:55 +0100
Served asset /works-home-box.png - 200 OK (4ms)


Started GET "/join" for 127.0.0.1 at 2012-09-28 13:41:09 +0100
Processing by JoinController#index as HTML
  [1m[35mProduct Load (0.2ms)[0m  SELECT "products".* FROM "products" WHERE (is_subscription = 't') ORDER BY sub_price ASC
  Rendered join/index.html.erb within layouts/application (7.0ms)
  [1m[36mArticle Load (0.3ms)[0m  [1mSELECT "articles".* FROM "articles" WHERE (published = 't') ORDER BY created_at DESC LIMIT 4[0m
Completed 200 OK in 66ms (Views: 63.7ms | ActiveRecord: 1.0ms)


Started GET "/assets/application.css?body=1" for 127.0.0.1 at 2012-09-28 13:41:09 +0100
Served asset /application.css - 304 Not Modified (10ms)


Started GET "/assets/foundation/grid.css?body=1" for 127.0.0.1 at 2012-09-28 13:41:09 +0100
Served asset /foundation/grid.css - 304 Not Modified (0ms)


Started GET "/assets/foundation/globals.css?body=1" for 127.0.0.1 at 2012-09-28 13:41:09 +0100
Served asset /foundation/globals.css - 304 Not Modified (0ms)


Started GET "/assets/foundation/reveal.css?body=1" for 127.0.0.1 at 2012-09-28 13:41:09 +0100
Served asset /foundation/reveal.css - 304 Not Modified (3ms)


Started GET "/assets/foundation/ui.css?body=1" for 127.0.0.1 at 2012-09-28 13:41:09 +0100
Served asset /foundation/ui.css - 304 Not Modified (0ms)


Started GET "/assets/foundation/forms.css?body=1" for 127.0.0.1 at 2012-09-28 13:41:09 +0100
Served asset /foundation/forms.css - 304 Not Modified (0ms)


Started GET "/assets/foundation/orbit.css?body=1" for 127.0.0.1 at 2012-09-28 13:41:09 +0100
Served asset /foundation/orbit.css - 304 Not Modified (0ms)


Started GET "/assets/foundation/typography.css?body=1" for 127.0.0.1 at 2012-09-28 13:41:09 +0100
Served asset /foundation/typography.css - 304 Not Modified (0ms)


Started GET "/assets/foundation/mobile.css?body=1" for 127.0.0.1 at 2012-09-28 13:41:09 +0100
Served asset /foundation/mobile.css - 304 Not Modified (5ms)


Started GET "/assets/foundation/index.css?body=1" for 127.0.0.1 at 2012-09-28 13:41:09 +0100
Served asset /foundation/index.css - 304 Not Modified (8ms)


Started GET "/assets/jquery.js?body=1" for 127.0.0.1 at 2012-09-28 13:41:09 +0100
Served asset /jquery.js - 304 Not Modified (1ms)


Started GET "/assets/styles.css?body=1" for 127.0.0.1 at 2012-09-28 13:41:09 +0100
Served asset /styles.css - 304 Not Modified (0ms)


Started GET "/assets/jquery_ujs.js?body=1" for 127.0.0.1 at 2012-09-28 13:41:09 +0100
Served asset /jquery_ujs.js - 304 Not Modified (0ms)


Started GET "/assets/jquery.purr.js?body=1" for 127.0.0.1 at 2012-09-28 13:41:09 +0100
Served asset /jquery.purr.js - 304 Not Modified (11ms)


Started GET "/assets/best_in_place.js?body=1" for 127.0.0.1 at 2012-09-28 13:41:09 +0100
Served asset /best_in_place.js - 304 Not Modified (0ms)


Started GET "/assets/foundation/modernizr.foundation.js?body=1" for 127.0.0.1 at 2012-09-28 13:41:09 +0100
Served asset /foundation/modernizr.foundation.js - 304 Not Modified (0ms)


Started GET "/assets/foundation/jquery.reveal.js?body=1" for 127.0.0.1 at 2012-09-28 13:41:09 +0100
Served asset /foundation/jquery.reveal.js - 304 Not Modified (0ms)


Started GET "/assets/foundation/jquery.orbit-1.4.0.js?body=1" for 127.0.0.1 at 2012-09-28 13:41:09 +0100
Served asset /foundation/jquery.orbit-1.4.0.js - 304 Not Modified (0ms)


Started GET "/assets/foundation/jquery.customforms.js?body=1" for 127.0.0.1 at 2012-09-28 13:41:09 +0100
Served asset /foundation/jquery.customforms.js - 304 Not Modified (0ms)


Started GET "/assets/foundation/jquery.placeholder.min.js?body=1" for 127.0.0.1 at 2012-09-28 13:41:09 +0100
Served asset /foundation/jquery.placeholder.min.js - 304 Not Modified (0ms)


Started GET "/assets/foundation/jquery.tooltips.js?body=1" for 127.0.0.1 at 2012-09-28 13:41:09 +0100
Served asset /foundation/jquery.tooltips.js - 304 Not Modified (0ms)


Started GET "/assets/foundation/app.js?body=1" for 127.0.0.1 at 2012-09-28 13:41:09 +0100
Served asset /foundation/app.js - 304 Not Modified (0ms)


Started GET "/assets/foundation/index.js?body=1" for 127.0.0.1 at 2012-09-28 13:41:09 +0100
Served asset /foundation/index.js - 304 Not Modified (10ms)


Started GET "/assets/active_admin/components/jquery.aa.dropdown-menu.js?body=1" for 127.0.0.1 at 2012-09-28 13:41:09 +0100
Served asset /active_admin/components/jquery.aa.dropdown-menu.js - 304 Not Modified (3ms)


Started GET "/assets/active_admin/components/jquery.aa.checkbox-toggler.js?body=1" for 127.0.0.1 at 2012-09-28 13:41:09 +0100
Served asset /active_admin/components/jquery.aa.checkbox-toggler.js - 304 Not Modified (0ms)


Started GET "/assets/active_admin/lib/namespace.js?body=1" for 127.0.0.1 at 2012-09-28 13:41:09 +0100
Served asset /active_admin/lib/namespace.js - 304 Not Modified (0ms)


Started GET "/assets/jquery-ui.js?body=1" for 127.0.0.1 at 2012-09-28 13:41:09 +0100
Served asset /jquery-ui.js - 304 Not Modified (8ms)


Started GET "/assets/account.js?body=1" for 127.0.0.1 at 2012-09-28 13:41:09 +0100
Served asset /account.js - 304 Not Modified (0ms)


Started GET "/assets/active_admin/components/jquery.aa.popover.js?body=1" for 127.0.0.1 at 2012-09-28 13:41:09 +0100
Served asset /active_admin/components/jquery.aa.popover.js - 304 Not Modified (0ms)


Started GET "/assets/active_admin/components/jquery.aa.table-checkbox-toggler.js?body=1" for 127.0.0.1 at 2012-09-28 13:41:09 +0100
Served asset /active_admin/components/jquery.aa.table-checkbox-toggler.js - 304 Not Modified (0ms)


Started GET "/assets/active_admin/pages/application.js?body=1" for 127.0.0.1 at 2012-09-28 13:41:09 +0100
Served asset /active_admin/pages/application.js - 304 Not Modified (0ms)


Started GET "/assets/active_admin/pages/batch_actions.js?body=1" for 127.0.0.1 at 2012-09-28 13:41:09 +0100
Served asset /active_admin/pages/batch_actions.js - 304 Not Modified (0ms)


Started GET "/assets/active_admin/application.js?body=1" for 127.0.0.1 at 2012-09-28 13:41:09 +0100
Served asset /active_admin/application.js - 304 Not Modified (80ms)


Started GET "/assets/active_admin/base.js?body=1" for 127.0.0.1 at 2012-09-28 13:41:09 +0100
Served asset /active_admin/base.js - 304 Not Modified (9ms)


Started GET "/assets/active_admin.js?body=1" for 127.0.0.1 at 2012-09-28 13:41:09 +0100
Served asset /active_admin.js - 304 Not Modified (14ms)


Started GET "/assets/comments.js?body=1" for 127.0.0.1 at 2012-09-28 13:41:09 +0100
Served asset /comments.js - 304 Not Modified (4ms)


Started GET "/assets/articles.js?body=1" for 127.0.0.1 at 2012-09-28 13:41:09 +0100
Served asset /articles.js - 304 Not Modified (0ms)


Started GET "/assets/gocardless.js?body=1" for 127.0.0.1 at 2012-09-28 13:41:09 +0100
Served asset /gocardless.js - 304 Not Modified (0ms)


Started GET "/assets/join.js?body=1" for 127.0.0.1 at 2012-09-28 13:41:09 +0100
Served asset /join.js - 304 Not Modified (0ms)


Started GET "/assets/pages.js?body=1" for 127.0.0.1 at 2012-09-28 13:41:10 +0100
Served asset /pages.js - 304 Not Modified (0ms)


Started GET "/assets/sessions.js?body=1" for 127.0.0.1 at 2012-09-28 13:41:10 +0100
Served asset /sessions.js - 304 Not Modified (0ms)


Started GET "/assets/subscriptions.js?body=1" for 127.0.0.1 at 2012-09-28 13:41:10 +0100
Served asset /subscriptions.js - 304 Not Modified (0ms)


Started GET "/assets/users.js?body=1" for 127.0.0.1 at 2012-09-28 13:41:10 +0100
Served asset /users.js - 304 Not Modified (0ms)


Started GET "/assets/application.js?body=1" for 127.0.0.1 at 2012-09-28 13:41:10 +0100
Served asset /application.js - 304 Not Modified (16ms)


Started GET "/craft_boxes" for 127.0.0.1 at 2012-09-28 13:41:20 +0100
Processing by PagesController#craft_boxes as HTML
  Rendered pages/craft_boxes.html.erb within layouts/application (2.2ms)
  [1m[35mArticle Load (0.3ms)[0m  SELECT "articles".* FROM "articles" WHERE (published = 't') ORDER BY created_at DESC LIMIT 4
Completed 200 OK in 52ms (Views: 51.3ms | ActiveRecord: 0.3ms)


Started GET "/assets/application.css?body=1" for 127.0.0.1 at 2012-09-28 13:41:20 +0100
Served asset /application.css - 304 Not Modified (3ms)


Started GET "/assets/foundation/typography.css?body=1" for 127.0.0.1 at 2012-09-28 13:41:20 +0100
Served asset /foundation/typography.css - 304 Not Modified (0ms)


Started GET "/assets/foundation/ui.css?body=1" for 127.0.0.1 at 2012-09-28 13:41:20 +0100
Served asset /foundation/ui.css - 304 Not Modified (4ms)


Started GET "/assets/foundation/grid.css?body=1" for 127.0.0.1 at 2012-09-28 13:41:20 +0100
Served asset /foundation/grid.css - 304 Not Modified (0ms)


Started GET "/assets/foundation/globals.css?body=1" for 127.0.0.1 at 2012-09-28 13:41:20 +0100
Served asset /foundation/globals.css - 304 Not Modified (0ms)


Started GET "/assets/foundation/forms.css?body=1" for 127.0.0.1 at 2012-09-28 13:41:20 +0100
Served asset /foundation/forms.css - 304 Not Modified (0ms)


Started GET "/assets/foundation/orbit.css?body=1" for 127.0.0.1 at 2012-09-28 13:41:20 +0100
Served asset /foundation/orbit.css - 304 Not Modified (3ms)


Started GET "/assets/foundation/reveal.css?body=1" for 127.0.0.1 at 2012-09-28 13:41:20 +0100
Served asset /foundation/reveal.css - 304 Not Modified (0ms)


Started GET "/assets/foundation/mobile.css?body=1" for 127.0.0.1 at 2012-09-28 13:41:20 +0100
Served asset /foundation/mobile.css - 304 Not Modified (0ms)


Started GET "/assets/foundation/index.css?body=1" for 127.0.0.1 at 2012-09-28 13:41:20 +0100
Served asset /foundation/index.css - 304 Not Modified (11ms)


Started GET "/assets/styles.css?body=1" for 127.0.0.1 at 2012-09-28 13:41:20 +0100
Served asset /styles.css - 304 Not Modified (0ms)


Started GET "/assets/jquery.js?body=1" for 127.0.0.1 at 2012-09-28 13:41:20 +0100
Served asset /jquery.js - 304 Not Modified (1ms)


Started GET "/assets/jquery_ujs.js?body=1" for 127.0.0.1 at 2012-09-28 13:41:20 +0100
Served asset /jquery_ujs.js - 304 Not Modified (2ms)


Started GET "/assets/best_in_place.js?body=1" for 127.0.0.1 at 2012-09-28 13:41:20 +0100
Served asset /best_in_place.js - 304 Not Modified (0ms)


Started GET "/assets/jquery.purr.js?body=1" for 127.0.0.1 at 2012-09-28 13:41:20 +0100
Served asset /jquery.purr.js - 304 Not Modified (0ms)


Started GET "/assets/foundation/modernizr.foundation.js?body=1" for 127.0.0.1 at 2012-09-28 13:41:20 +0100
Served asset /foundation/modernizr.foundation.js - 304 Not Modified (0ms)


Started GET "/assets/foundation/jquery.reveal.js?body=1" for 127.0.0.1 at 2012-09-28 13:41:20 +0100
Served asset /foundation/jquery.reveal.js - 304 Not Modified (0ms)


Started GET "/assets/foundation/jquery.orbit-1.4.0.js?body=1" for 127.0.0.1 at 2012-09-28 13:41:20 +0100
Served asset /foundation/jquery.orbit-1.4.0.js - 304 Not Modified (0ms)


Started GET "/assets/foundation/jquery.customforms.js?body=1" for 127.0.0.1 at 2012-09-28 13:41:20 +0100
Served asset /foundation/jquery.customforms.js - 304 Not Modified (0ms)


Started GET "/assets/foundation/jquery.placeholder.min.js?body=1" for 127.0.0.1 at 2012-09-28 13:41:20 +0100
Served asset /foundation/jquery.placeholder.min.js - 304 Not Modified (0ms)


Started GET "/assets/foundation/jquery.tooltips.js?body=1" for 127.0.0.1 at 2012-09-28 13:41:20 +0100
Served asset /foundation/jquery.tooltips.js - 304 Not Modified (0ms)


Started GET "/assets/foundation/app.js?body=1" for 127.0.0.1 at 2012-09-28 13:41:20 +0100
Served asset /foundation/app.js - 304 Not Modified (0ms)


Started GET "/assets/foundation/index.js?body=1" for 127.0.0.1 at 2012-09-28 13:41:20 +0100
Served asset /foundation/index.js - 304 Not Modified (2ms)


Started GET "/assets/account.js?body=1" for 127.0.0.1 at 2012-09-28 13:41:20 +0100
Served asset /account.js - 304 Not Modified (0ms)


Started GET "/assets/jquery-ui.js?body=1" for 127.0.0.1 at 2012-09-28 13:41:20 +0100
Served asset /jquery-ui.js - 304 Not Modified (2ms)


Started GET "/assets/active_admin/lib/namespace.js?body=1" for 127.0.0.1 at 2012-09-28 13:41:20 +0100
Served asset /active_admin/lib/namespace.js - 304 Not Modified (3ms)


Started GET "/assets/active_admin/components/jquery.aa.dropdown-menu.js?body=1" for 127.0.0.1 at 2012-09-28 13:41:20 +0100
Served asset /active_admin/components/jquery.aa.dropdown-menu.js - 304 Not Modified (1ms)


Started GET "/assets/active_admin/components/jquery.aa.checkbox-toggler.js?body=1" for 127.0.0.1 at 2012-09-28 13:41:20 +0100
Served asset /active_admin/components/jquery.aa.checkbox-toggler.js - 304 Not Modified (0ms)


Started GET "/assets/active_admin/components/jquery.aa.popover.js?body=1" for 127.0.0.1 at 2012-09-28 13:41:20 +0100
Served asset /active_admin/components/jquery.aa.popover.js - 304 Not Modified (0ms)


Started GET "/assets/active_admin/components/jquery.aa.table-checkbox-toggler.js?body=1" for 127.0.0.1 at 2012-09-28 13:41:20 +0100
Served asset /active_admin/components/jquery.aa.table-checkbox-toggler.js - 304 Not Modified (0ms)


Started GET "/assets/active_admin/pages/application.js?body=1" for 127.0.0.1 at 2012-09-28 13:41:20 +0100
Served asset /active_admin/pages/application.js - 304 Not Modified (0ms)


Started GET "/assets/active_admin/pages/batch_actions.js?body=1" for 127.0.0.1 at 2012-09-28 13:41:20 +0100
Served asset /active_admin/pages/batch_actions.js - 304 Not Modified (0ms)


Started GET "/assets/active_admin/application.js?body=1" for 127.0.0.1 at 2012-09-28 13:41:20 +0100
Served asset /active_admin/application.js - 304 Not Modified (11ms)


Started GET "/assets/active_admin/base.js?body=1" for 127.0.0.1 at 2012-09-28 13:41:20 +0100
Served asset /active_admin/base.js - 304 Not Modified (12ms)


Started GET "/assets/articles.js?body=1" for 127.0.0.1 at 2012-09-28 13:41:20 +0100
Served asset /articles.js - 304 Not Modified (0ms)


Started GET "/assets/comments.js?body=1" for 127.0.0.1 at 2012-09-28 13:41:20 +0100
Served asset /comments.js - 304 Not Modified (0ms)


Started GET "/assets/active_admin.js?body=1" for 127.0.0.1 at 2012-09-28 13:41:20 +0100
Served asset /active_admin.js - 304 Not Modified (26ms)


Started GET "/assets/gocardless.js?body=1" for 127.0.0.1 at 2012-09-28 13:41:21 +0100
Served asset /gocardless.js - 304 Not Modified (0ms)


Started GET "/assets/join.js?body=1" for 127.0.0.1 at 2012-09-28 13:41:21 +0100
Served asset /join.js - 304 Not Modified (0ms)


Started GET "/assets/pages.js?body=1" for 127.0.0.1 at 2012-09-28 13:41:21 +0100
Served asset /pages.js - 304 Not Modified (0ms)


Started GET "/assets/sessions.js?body=1" for 127.0.0.1 at 2012-09-28 13:41:21 +0100
Served asset /sessions.js - 304 Not Modified (0ms)


Started GET "/assets/subscriptions.js?body=1" for 127.0.0.1 at 2012-09-28 13:41:21 +0100
Served asset /subscriptions.js - 304 Not Modified (0ms)


Started GET "/assets/users.js?body=1" for 127.0.0.1 at 2012-09-28 13:41:21 +0100
Served asset /users.js - 304 Not Modified (0ms)


Started GET "/assets/pirate-box-josh1.jpg" for 127.0.0.1 at 2012-09-28 13:41:21 +0100
Served asset /pirate-box-josh1.jpg - 200 OK (4ms)


Started GET "/assets/application.js?body=1" for 127.0.0.1 at 2012-09-28 13:41:21 +0100
Served asset /application.js - 304 Not Modified (16ms)


Started GET "/assets/single-box-slide.jpg" for 127.0.0.1 at 2012-09-28 13:41:21 +0100
Served asset /single-box-slide.jpg - 200 OK (4ms)


Started GET "/assets/pirate-box-josh2.jpg" for 127.0.0.1 at 2012-09-28 13:41:21 +0100
Served asset /pirate-box-josh2.jpg - 200 OK (4ms)


Started GET "/login" for 127.0.0.1 at 2012-09-28 13:41:29 +0100
Processing by SessionsController#new as HTML
  Rendered sessions/new.html.erb within layouts/application (4.4ms)
  [1m[36mArticle Load (0.4ms)[0m  [1mSELECT "articles".* FROM "articles" WHERE (published = 't') ORDER BY created_at DESC LIMIT 4[0m
Completed 200 OK in 57ms (Views: 56.3ms | ActiveRecord: 0.4ms)


Started GET "/assets/application.css?body=1" for 127.0.0.1 at 2012-09-28 13:41:29 +0100
Served asset /application.css - 304 Not Modified (72ms)


Started GET "/assets/foundation/typography.css?body=1" for 127.0.0.1 at 2012-09-28 13:41:30 +0100
Served asset /foundation/typography.css - 304 Not Modified (0ms)


Started GET "/assets/foundation/forms.css?body=1" for 127.0.0.1 at 2012-09-28 13:41:30 +0100
Served asset /foundation/forms.css - 304 Not Modified (0ms)


Started GET "/assets/foundation/globals.css?body=1" for 127.0.0.1 at 2012-09-28 13:41:30 +0100
Served asset /foundation/globals.css - 304 Not Modified (0ms)


Started GET "/assets/foundation/grid.css?body=1" for 127.0.0.1 at 2012-09-28 13:41:30 +0100
Served asset /foundation/grid.css - 304 Not Modified (0ms)


Started GET "/assets/foundation/ui.css?body=1" for 127.0.0.1 at 2012-09-28 13:41:30 +0100
Served asset /foundation/ui.css - 304 Not Modified (3ms)


Started GET "/assets/foundation/reveal.css?body=1" for 127.0.0.1 at 2012-09-28 13:41:30 +0100
Served asset /foundation/reveal.css - 304 Not Modified (0ms)


Started GET "/assets/foundation/index.css?body=1" for 127.0.0.1 at 2012-09-28 13:41:30 +0100
Served asset /foundation/index.css - 304 Not Modified (3ms)


Started GET "/assets/foundation/orbit.css?body=1" for 127.0.0.1 at 2012-09-28 13:41:30 +0100
Served asset /foundation/orbit.css - 304 Not Modified (0ms)


Started GET "/assets/foundation/mobile.css?body=1" for 127.0.0.1 at 2012-09-28 13:41:30 +0100
Served asset /foundation/mobile.css - 304 Not Modified (0ms)


Started GET "/assets/styles.css?body=1" for 127.0.0.1 at 2012-09-28 13:41:30 +0100
Served asset /styles.css - 304 Not Modified (0ms)


Started GET "/assets/jquery_ujs.js?body=1" for 127.0.0.1 at 2012-09-28 13:41:30 +0100
Served asset /jquery_ujs.js - 304 Not Modified (0ms)


Started GET "/assets/jquery.js?body=1" for 127.0.0.1 at 2012-09-28 13:41:30 +0100
Served asset /jquery.js - 304 Not Modified (16ms)


Started GET "/assets/best_in_place.js?body=1" for 127.0.0.1 at 2012-09-28 13:41:30 +0100
Served asset /best_in_place.js - 304 Not Modified (0ms)


Started GET "/assets/jquery.purr.js?body=1" for 127.0.0.1 at 2012-09-28 13:41:30 +0100
Served asset /jquery.purr.js - 304 Not Modified (0ms)


Started GET "/assets/foundation/jquery.reveal.js?body=1" for 127.0.0.1 at 2012-09-28 13:41:30 +0100
Served asset /foundation/jquery.reveal.js - 304 Not Modified (0ms)


Started GET "/assets/foundation/jquery.customforms.js?body=1" for 127.0.0.1 at 2012-09-28 13:41:30 +0100
Served asset /foundation/jquery.customforms.js - 304 Not Modified (0ms)


Started GET "/assets/foundation/jquery.orbit-1.4.0.js?body=1" for 127.0.0.1 at 2012-09-28 13:41:30 +0100
Served asset /foundation/jquery.orbit-1.4.0.js - 304 Not Modified (0ms)


Started GET "/assets/foundation/modernizr.foundation.js?body=1" for 127.0.0.1 at 2012-09-28 13:41:30 +0100
Served asset /foundation/modernizr.foundation.js - 304 Not Modified (0ms)


Started GET "/assets/foundation/jquery.placeholder.min.js?body=1" for 127.0.0.1 at 2012-09-28 13:41:30 +0100
Served asset /foundation/jquery.placeholder.min.js - 304 Not Modified (0ms)


Started GET "/assets/foundation/jquery.tooltips.js?body=1" for 127.0.0.1 at 2012-09-28 13:41:30 +0100
Served asset /foundation/jquery.tooltips.js - 304 Not Modified (0ms)


Started GET "/assets/account.js?body=1" for 127.0.0.1 at 2012-09-28 13:41:30 +0100
Served asset /account.js - 304 Not Modified (6ms)


Started GET "/assets/foundation/app.js?body=1" for 127.0.0.1 at 2012-09-28 13:41:30 +0100
Served asset /foundation/app.js - 304 Not Modified (0ms)


Started GET "/assets/jquery-ui.js?body=1" for 127.0.0.1 at 2012-09-28 13:41:30 +0100
Served asset /jquery-ui.js - 304 Not Modified (2ms)


Started GET "/assets/foundation/index.js?body=1" for 127.0.0.1 at 2012-09-28 13:41:30 +0100
Served asset /foundation/index.js - 304 Not Modified (2ms)


Started GET "/assets/active_admin/components/jquery.aa.checkbox-toggler.js?body=1" for 127.0.0.1 at 2012-09-28 13:41:30 +0100
Served asset /active_admin/components/jquery.aa.checkbox-toggler.js - 304 Not Modified (0ms)


Started GET "/assets/active_admin/lib/namespace.js?body=1" for 127.0.0.1 at 2012-09-28 13:41:30 +0100
Served asset /active_admin/lib/namespace.js - 304 Not Modified (0ms)


Started GET "/assets/active_admin/application.js?body=1" for 127.0.0.1 at 2012-09-28 13:41:30 +0100
Served asset /active_admin/application.js - 304 Not Modified (11ms)


Started GET "/assets/active_admin/components/jquery.aa.table-checkbox-toggler.js?body=1" for 127.0.0.1 at 2012-09-28 13:41:30 +0100
Served asset /active_admin/components/jquery.aa.table-checkbox-toggler.js - 304 Not Modified (3ms)


Started GET "/assets/active_admin/components/jquery.aa.popover.js?body=1" for 127.0.0.1 at 2012-09-28 13:41:30 +0100
Served asset /active_admin/components/jquery.aa.popover.js - 304 Not Modified (0ms)


Started GET "/assets/active_admin/components/jquery.aa.dropdown-menu.js?body=1" for 127.0.0.1 at 2012-09-28 13:41:30 +0100
Served asset /active_admin/components/jquery.aa.dropdown-menu.js - 304 Not Modified (0ms)


Started GET "/assets/active_admin/pages/application.js?body=1" for 127.0.0.1 at 2012-09-28 13:41:30 +0100
Served asset /active_admin/pages/application.js - 304 Not Modified (0ms)


Started GET "/assets/active_admin/pages/batch_actions.js?body=1" for 127.0.0.1 at 2012-09-28 13:41:30 +0100
Served asset /active_admin/pages/batch_actions.js - 304 Not Modified (0ms)


Started GET "/assets/active_admin/base.js?body=1" for 127.0.0.1 at 2012-09-28 13:41:30 +0100
Served asset /active_admin/base.js - 304 Not Modified (18ms)


Started GET "/assets/active_admin.js?body=1" for 127.0.0.1 at 2012-09-28 13:41:30 +0100
Served asset /active_admin.js - 304 Not Modified (12ms)


Started GET "/assets/articles.js?body=1" for 127.0.0.1 at 2012-09-28 13:41:30 +0100
Served asset /articles.js - 304 Not Modified (0ms)


Started GET "/assets/comments.js?body=1" for 127.0.0.1 at 2012-09-28 13:41:30 +0100
Served asset /comments.js - 304 Not Modified (0ms)


Started GET "/assets/join.js?body=1" for 127.0.0.1 at 2012-09-28 13:41:30 +0100
Served asset /join.js - 304 Not Modified (0ms)


Started GET "/assets/gocardless.js?body=1" for 127.0.0.1 at 2012-09-28 13:41:30 +0100
Served asset /gocardless.js - 304 Not Modified (0ms)


Started GET "/assets/pages.js?body=1" for 127.0.0.1 at 2012-09-28 13:41:30 +0100
Served asset /pages.js - 304 Not Modified (0ms)


Started GET "/assets/sessions.js?body=1" for 127.0.0.1 at 2012-09-28 13:41:30 +0100
Served asset /sessions.js - 304 Not Modified (0ms)


Started GET "/assets/subscriptions.js?body=1" for 127.0.0.1 at 2012-09-28 13:41:30 +0100
Served asset /subscriptions.js - 304 Not Modified (0ms)


Started GET "/assets/users.js?body=1" for 127.0.0.1 at 2012-09-28 13:41:30 +0100
Served asset /users.js - 304 Not Modified (0ms)


Started GET "/assets/application.js?body=1" for 127.0.0.1 at 2012-09-28 13:41:30 +0100
Served asset /application.js - 304 Not Modified (16ms)
