Connecting to database specified by database.yml
Compiled jquery.js  (6ms)  (pid 7414)
Compiled jquery-ui.js  (19ms)  (pid 7414)
Compiled jquery_ujs.js  (0ms)  (pid 7414)
Compiled active_admin/lib/namespace.js  (739ms)  (pid 7414)
Compiled active_admin/components/jquery.aa.checkbox-toggler.js  (705ms)  (pid 7414)
Compiled active_admin/components/jquery.aa.dropdown-menu.js  (863ms)  (pid 7414)
Compiled active_admin/components/jquery.aa.popover.js  (704ms)  (pid 7414)
Compiled active_admin/components/jquery.aa.table-checkbox-toggler.js  (583ms)  (pid 7414)
Compiled active_admin/pages/application.js  (807ms)  (pid 7414)
Compiled active_admin/pages/batch_actions.js  (390ms)  (pid 7414)
Compiled active_admin/application.js  (4980ms)  (pid 7414)
Compiled active_admin/base.js  (5190ms)  (pid 7414)
Compiled active_admin.js  (5209ms)  (pid 7414)
Compiled jquery.purr.js  (0ms)  (pid 7414)
Compiled best_in_place.js  (0ms)  (pid 7414)
Compiled foundation/modernizr.foundation.js  (0ms)  (pid 7414)
Compiled foundation/jquery.placeholder.js  (0ms)  (pid 7414)
Compiled foundation/jquery.foundation.alerts.js  (0ms)  (pid 7414)
Compiled foundation/jquery.foundation.accordion.js  (0ms)  (pid 7414)
Compiled foundation/jquery.foundation.buttons.js  (0ms)  (pid 7414)
Compiled foundation/jquery.foundation.tooltips.js  (0ms)  (pid 7414)
Compiled foundation/jquery.foundation.forms.js  (0ms)  (pid 7414)
Compiled foundation/jquery.foundation.tabs.js  (0ms)  (pid 7414)
Compiled foundation/jquery.foundation.navigation.js  (0ms)  (pid 7414)
Compiled foundation/jquery.foundation.topbar.js  (0ms)  (pid 7414)
Compiled foundation/jquery.foundation.reveal.js  (0ms)  (pid 7414)
Compiled foundation/jquery.foundation.orbit.js  (0ms)  (pid 7414)
Compiled foundation/jquery.foundation.mediaQueryToggle.js  (0ms)  (pid 7414)
Compiled foundation/app.js  (0ms)  (pid 7414)
Compiled foundation/index.js  (461ms)  (pid 7414)
Compiled account.js  (607ms)  (pid 7414)
Compiled articles.js  (605ms)  (pid 7414)
Compiled comments.js  (419ms)  (pid 7414)
Compiled gocardless.js  (367ms)  (pid 7414)
Compiled join.js  (285ms)  (pid 7414)
Compiled pages.js  (373ms)  (pid 7414)
Compiled sessions.js  (301ms)  (pid 7414)
Compiled subscriptions.js  (426ms)  (pid 7414)
Compiled users.js  (382ms)  (pid 7414)
Compiled application.js  (4808ms)  (pid 7414)
Compiled active_admin.css  (2077ms)  (pid 7414)
Connecting to database specified by database.yml
Compiled jquery.js  (6ms)  (pid 7554)
Compiled jquery-ui.js  (5ms)  (pid 7554)
Compiled jquery_ujs.js  (0ms)  (pid 7554)
Compiled active_admin/lib/namespace.js  (298ms)  (pid 7554)
Compiled active_admin/components/jquery.aa.checkbox-toggler.js  (416ms)  (pid 7554)
Compiled active_admin/components/jquery.aa.dropdown-menu.js  (566ms)  (pid 7554)
Compiled active_admin/components/jquery.aa.popover.js  (511ms)  (pid 7554)
Compiled active_admin/components/jquery.aa.table-checkbox-toggler.js  (627ms)  (pid 7554)
Compiled active_admin/pages/application.js  (386ms)  (pid 7554)
Compiled active_admin/pages/batch_actions.js  (447ms)  (pid 7554)
Compiled active_admin/application.js  (3552ms)  (pid 7554)
Compiled active_admin/base.js  (3665ms)  (pid 7554)
Compiled active_admin.js  (3694ms)  (pid 7554)
Compiled jquery.purr.js  (0ms)  (pid 7554)
Compiled best_in_place.js  (0ms)  (pid 7554)
Compiled foundation/modernizr.foundation.js  (0ms)  (pid 7554)
Compiled foundation/jquery.placeholder.js  (0ms)  (pid 7554)
Compiled foundation/jquery.foundation.alerts.js  (0ms)  (pid 7554)
Compiled foundation/jquery.foundation.accordion.js  (0ms)  (pid 7554)
Compiled foundation/jquery.foundation.buttons.js  (0ms)  (pid 7554)
Compiled foundation/jquery.foundation.tooltips.js  (0ms)  (pid 7554)
Compiled foundation/jquery.foundation.forms.js  (0ms)  (pid 7554)
Compiled foundation/jquery.foundation.tabs.js  (0ms)  (pid 7554)
Compiled foundation/jquery.foundation.navigation.js  (0ms)  (pid 7554)
Compiled foundation/jquery.foundation.topbar.js  (1ms)  (pid 7554)
Compiled foundation/jquery.foundation.reveal.js  (0ms)  (pid 7554)
Compiled foundation/jquery.foundation.orbit.js  (0ms)  (pid 7554)
Compiled foundation/jquery.foundation.mediaQueryToggle.js  (0ms)  (pid 7554)
Compiled foundation/app.js  (0ms)  (pid 7554)
Compiled foundation/index.js  (290ms)  (pid 7554)
Compiled account.js  (370ms)  (pid 7554)
Compiled articles.js  (329ms)  (pid 7554)
Compiled comments.js  (229ms)  (pid 7554)
Compiled gocardless.js  (179ms)  (pid 7554)
Compiled join.js  (326ms)  (pid 7554)
Compiled pages.js  (341ms)  (pid 7554)
Compiled sessions.js  (261ms)  (pid 7554)
Compiled subscriptions.js  (458ms)  (pid 7554)
Compiled users.js  (537ms)  (pid 7554)
Compiled application.js  (3704ms)  (pid 7554)
Compiled active_admin.css  (3347ms)  (pid 7554)
Connecting to database specified by database.yml
Compiled jquery.js  (7ms)  (pid 7696)
Compiled jquery-ui.js  (3ms)  (pid 7696)
Compiled jquery_ujs.js  (0ms)  (pid 7696)
Compiled active_admin/lib/namespace.js  (518ms)  (pid 7696)
Compiled active_admin/components/jquery.aa.checkbox-toggler.js  (677ms)  (pid 7696)
Compiled active_admin/components/jquery.aa.dropdown-menu.js  (713ms)  (pid 7696)
Compiled active_admin/components/jquery.aa.popover.js  (297ms)  (pid 7696)
Compiled active_admin/components/jquery.aa.table-checkbox-toggler.js  (441ms)  (pid 7696)
Compiled active_admin/pages/application.js  (247ms)  (pid 7696)
Compiled active_admin/pages/batch_actions.js  (312ms)  (pid 7696)
Compiled active_admin/application.js  (3434ms)  (pid 7696)
Compiled active_admin/base.js  (3589ms)  (pid 7696)
Compiled active_admin.js  (3619ms)  (pid 7696)
Compiled jquery.purr.js  (0ms)  (pid 7696)
Compiled best_in_place.js  (0ms)  (pid 7696)
Compiled foundation/modernizr.foundation.js  (0ms)  (pid 7696)
Compiled foundation/jquery.placeholder.js  (0ms)  (pid 7696)
Compiled foundation/jquery.foundation.alerts.js  (10ms)  (pid 7696)
Compiled foundation/jquery.foundation.accordion.js  (0ms)  (pid 7696)
Compiled foundation/jquery.foundation.buttons.js  (0ms)  (pid 7696)
Compiled foundation/jquery.foundation.tooltips.js  (0ms)  (pid 7696)
Compiled foundation/jquery.foundation.forms.js  (0ms)  (pid 7696)
Compiled foundation/jquery.foundation.tabs.js  (0ms)  (pid 7696)
Compiled foundation/jquery.foundation.navigation.js  (0ms)  (pid 7696)
Compiled foundation/jquery.foundation.topbar.js  (0ms)  (pid 7696)
Compiled foundation/jquery.foundation.reveal.js  (0ms)  (pid 7696)
Compiled foundation/jquery.foundation.orbit.js  (0ms)  (pid 7696)
Compiled foundation/jquery.foundation.mediaQueryToggle.js  (0ms)  (pid 7696)
Compiled foundation/app.js  (0ms)  (pid 7696)
Compiled foundation/index.js  (358ms)  (pid 7696)
Compiled account.js  (341ms)  (pid 7696)
Compiled articles.js  (435ms)  (pid 7696)
Compiled comments.js  (494ms)  (pid 7696)
Compiled gocardless.js  (239ms)  (pid 7696)
Compiled join.js  (463ms)  (pid 7696)
Compiled pages.js  (381ms)  (pid 7696)
Compiled sessions.js  (385ms)  (pid 7696)
Compiled subscriptions.js  (365ms)  (pid 7696)
Compiled users.js  (460ms)  (pid 7696)
Compiled application.js  (4330ms)  (pid 7696)
Compiled active_admin.css  (2624ms)  (pid 7696)
Connecting to database specified by database.yml
Compiled jquery.js  (47ms)  (pid 7838)
Compiled jquery-ui.js  (4ms)  (pid 7838)
Compiled jquery_ujs.js  (0ms)  (pid 7838)
Compiled active_admin/lib/namespace.js  (255ms)  (pid 7838)
Compiled active_admin/components/jquery.aa.checkbox-toggler.js  (265ms)  (pid 7838)
Compiled active_admin/components/jquery.aa.dropdown-menu.js  (371ms)  (pid 7838)
Compiled active_admin/components/jquery.aa.popover.js  (271ms)  (pid 7838)
Compiled active_admin/components/jquery.aa.table-checkbox-toggler.js  (447ms)  (pid 7838)
Compiled active_admin/pages/application.js  (382ms)  (pid 7838)
Compiled active_admin/pages/batch_actions.js  (243ms)  (pid 7838)
Compiled active_admin/application.js  (2482ms)  (pid 7838)
Compiled active_admin/base.js  (2610ms)  (pid 7838)
Compiled active_admin.js  (2621ms)  (pid 7838)
Compiled jquery.purr.js  (0ms)  (pid 7838)
Compiled best_in_place.js  (0ms)  (pid 7838)
Compiled foundation/modernizr.foundation.js  (0ms)  (pid 7838)
Compiled foundation/jquery.reveal.js  (0ms)  (pid 7838)
Compiled foundation/jquery.orbit-1.4.0.js  (0ms)  (pid 7838)
Compiled foundation/jquery.customforms.js  (0ms)  (pid 7838)
Compiled foundation/jquery.placeholder.min.js  (0ms)  (pid 7838)
Compiled foundation/jquery.tooltips.js  (0ms)  (pid 7838)
Compiled foundation/app.js  (0ms)  (pid 7838)
Compiled foundation/index.js  (158ms)  (pid 7838)
Compiled account.js  (722ms)  (pid 7838)
Compiled articles.js  (428ms)  (pid 7838)
Compiled comments.js  (437ms)  (pid 7838)
Compiled gocardless.js  (476ms)  (pid 7838)
Compiled join.js  (239ms)  (pid 7838)
Compiled pages.js  (254ms)  (pid 7838)
Compiled sessions.js  (492ms)  (pid 7838)
Compiled subscriptions.js  (232ms)  (pid 7838)
Compiled users.js  (215ms)  (pid 7838)
Compiled application.js  (3905ms)  (pid 7838)
Compiled active_admin.css  (2096ms)  (pid 7838)
Compiled foundation/globals.css  (83ms)  (pid 7838)
Compiled foundation/typography.css  (35ms)  (pid 7838)
Compiled foundation/grid.css  (67ms)  (pid 7838)
Compiled foundation/ui.css  (289ms)  (pid 7838)
Compiled foundation/forms.css  (97ms)  (pid 7838)
Compiled foundation/orbit.css  (207ms)  (pid 7838)
Compiled foundation/reveal.css  (69ms)  (pid 7838)
Compiled foundation/mobile.css  (348ms)  (pid 7838)
Compiled foundation/index.css  (1341ms)  (pid 7838)
Compiled styles.css  (0ms)  (pid 7838)
Compiled application.css  (1412ms)  (pid 7838)
Compiled active_admin/print.css  (220ms)  (pid 7838)
Connecting to database specified by database.yml
Compiled jquery.js  (6ms)  (pid 7838)
Compiled jquery-ui.js  (50ms)  (pid 7838)
Compiled jquery_ujs.js  (0ms)  (pid 7838)
Compiled active_admin/lib/namespace.js  (429ms)  (pid 7838)
Compiled active_admin/components/jquery.aa.checkbox-toggler.js  (640ms)  (pid 7838)
Compiled active_admin/components/jquery.aa.dropdown-menu.js  (490ms)  (pid 7838)
Compiled active_admin/components/jquery.aa.popover.js  (588ms)  (pid 7838)
Compiled active_admin/components/jquery.aa.table-checkbox-toggler.js  (531ms)  (pid 7838)
Compiled active_admin/pages/application.js  (681ms)  (pid 7838)
Compiled active_admin/pages/batch_actions.js  (401ms)  (pid 7838)
Compiled active_admin/application.js  (3945ms)  (pid 7838)
Compiled active_admin/base.js  (4070ms)  (pid 7838)
Compiled active_admin.js  (4082ms)  (pid 7838)
Compiled jquery.purr.js  (0ms)  (pid 7838)
Compiled best_in_place.js  (0ms)  (pid 7838)
Compiled foundation/modernizr.foundation.js  (10ms)  (pid 7838)
Compiled foundation/jquery.reveal.js  (0ms)  (pid 7838)
Compiled foundation/jquery.orbit-1.4.0.js  (0ms)  (pid 7838)
Compiled foundation/jquery.customforms.js  (0ms)  (pid 7838)
Compiled foundation/jquery.placeholder.min.js  (0ms)  (pid 7838)
Compiled foundation/jquery.tooltips.js  (0ms)  (pid 7838)
Compiled foundation/app.js  (0ms)  (pid 7838)
Compiled foundation/index.js  (136ms)  (pid 7838)
Compiled account.js  (560ms)  (pid 7838)
Compiled articles.js  (635ms)  (pid 7838)
Compiled comments.js  (895ms)  (pid 7838)
Compiled gocardless.js  (358ms)  (pid 7838)
Compiled join.js  (613ms)  (pid 7838)
Compiled pages.js  (596ms)  (pid 7838)
Compiled sessions.js  (494ms)  (pid 7838)
Compiled subscriptions.js  (625ms)  (pid 7838)
Compiled users.js  (684ms)  (pid 7838)
Compiled application.js  (5900ms)  (pid 7838)
Compiled active_admin.css  (1938ms)  (pid 7838)
Compiled foundation/globals.css  (41ms)  (pid 7838)
Compiled foundation/typography.css  (24ms)  (pid 7838)
Compiled foundation/grid.css  (35ms)  (pid 7838)
Compiled foundation/ui.css  (135ms)  (pid 7838)
Compiled foundation/forms.css  (61ms)  (pid 7838)
Compiled foundation/orbit.css  (30ms)  (pid 7838)
Compiled foundation/reveal.css  (45ms)  (pid 7838)
Compiled foundation/mobile.css  (144ms)  (pid 7838)
Compiled foundation/index.css  (644ms)  (pid 7838)
Compiled styles.css  (0ms)  (pid 7838)
Compiled application.css  (653ms)  (pid 7838)
Compiled active_admin/print.css  (207ms)  (pid 7838)
Connecting to database specified by database.yml
Compiled jquery.js  (46ms)  (pid 8005)
Compiled jquery-ui.js  (5ms)  (pid 8005)
Compiled jquery_ujs.js  (0ms)  (pid 8005)
Compiled active_admin/lib/namespace.js  (247ms)  (pid 8005)
Compiled active_admin/components/jquery.aa.checkbox-toggler.js  (297ms)  (pid 8005)
Compiled active_admin/components/jquery.aa.dropdown-menu.js  (434ms)  (pid 8005)
Compiled active_admin/components/jquery.aa.popover.js  (507ms)  (pid 8005)
Compiled active_admin/components/jquery.aa.table-checkbox-toggler.js  (378ms)  (pid 8005)
Compiled active_admin/pages/application.js  (575ms)  (pid 8005)
Compiled active_admin/pages/batch_actions.js  (525ms)  (pid 8005)
Compiled active_admin/application.js  (3489ms)  (pid 8005)
Compiled active_admin/base.js  (3627ms)  (pid 8005)
Compiled active_admin.js  (3646ms)  (pid 8005)
Compiled jquery.purr.js  (0ms)  (pid 8005)
Compiled best_in_place.js  (31ms)  (pid 8005)
Compiled foundation/modernizr.foundation.js  (0ms)  (pid 8005)
Compiled foundation/jquery.reveal.js  (0ms)  (pid 8005)
Compiled foundation/jquery.orbit-1.4.0.js  (0ms)  (pid 8005)
Compiled foundation/jquery.customforms.js  (0ms)  (pid 8005)
Compiled foundation/jquery.placeholder.min.js  (0ms)  (pid 8005)
Compiled foundation/jquery.tooltips.js  (0ms)  (pid 8005)
Compiled foundation/app.js  (1ms)  (pid 8005)
Compiled foundation/index.js  (211ms)  (pid 8005)
Compiled account.js  (463ms)  (pid 8005)
Compiled articles.js  (439ms)  (pid 8005)
Compiled comments.js  (375ms)  (pid 8005)
Compiled gocardless.js  (518ms)  (pid 8005)
Compiled join.js  (409ms)  (pid 8005)
Compiled pages.js  (532ms)  (pid 8005)
Compiled sessions.js  (506ms)  (pid 8005)
Compiled subscriptions.js  (434ms)  (pid 8005)
Compiled users.js  (409ms)  (pid 8005)
Compiled application.js  (4715ms)  (pid 8005)
Compiled active_admin.css  (3567ms)  (pid 8005)
Compiled foundation/globals.css  (80ms)  (pid 8005)
Compiled foundation/typography.css  (38ms)  (pid 8005)
Compiled foundation/grid.css  (70ms)  (pid 8005)
Compiled foundation/ui.css  (416ms)  (pid 8005)
Compiled foundation/forms.css  (102ms)  (pid 8005)
Compiled foundation/orbit.css  (171ms)  (pid 8005)
Compiled foundation/reveal.css  (33ms)  (pid 8005)
Compiled foundation/mobile.css  (144ms)  (pid 8005)
Compiled foundation/index.css  (1143ms)  (pid 8005)
Compiled styles.css  (0ms)  (pid 8005)
Compiled application.css  (1212ms)  (pid 8005)
Compiled active_admin/print.css  (249ms)  (pid 8005)
Connecting to database specified by database.yml
Compiled jquery.js  (18ms)  (pid 8005)
Compiled jquery-ui.js  (55ms)  (pid 8005)
Compiled jquery_ujs.js  (0ms)  (pid 8005)
Compiled active_admin/lib/namespace.js  (284ms)  (pid 8005)
Compiled active_admin/components/jquery.aa.checkbox-toggler.js  (498ms)  (pid 8005)
Compiled active_admin/components/jquery.aa.dropdown-menu.js  (303ms)  (pid 8005)
Compiled active_admin/components/jquery.aa.popover.js  (296ms)  (pid 8005)
Compiled active_admin/components/jquery.aa.table-checkbox-toggler.js  (200ms)  (pid 8005)
Compiled active_admin/pages/application.js  (303ms)  (pid 8005)
Compiled active_admin/pages/batch_actions.js  (427ms)  (pid 8005)
Compiled active_admin/application.js  (2498ms)  (pid 8005)
Compiled active_admin/base.js  (2625ms)  (pid 8005)
Compiled active_admin.js  (2636ms)  (pid 8005)
Compiled jquery.purr.js  (0ms)  (pid 8005)
Compiled best_in_place.js  (0ms)  (pid 8005)
Compiled foundation/modernizr.foundation.js  (0ms)  (pid 8005)
Compiled foundation/jquery.reveal.js  (0ms)  (pid 8005)
Compiled foundation/jquery.orbit-1.4.0.js  (0ms)  (pid 8005)
Compiled foundation/jquery.customforms.js  (0ms)  (pid 8005)
Compiled foundation/jquery.placeholder.min.js  (0ms)  (pid 8005)
Compiled foundation/jquery.tooltips.js  (0ms)  (pid 8005)
Compiled foundation/app.js  (0ms)  (pid 8005)
Compiled foundation/index.js  (114ms)  (pid 8005)
Compiled account.js  (330ms)  (pid 8005)
Compiled articles.js  (393ms)  (pid 8005)
Compiled comments.js  (451ms)  (pid 8005)
Compiled gocardless.js  (412ms)  (pid 8005)
Compiled join.js  (366ms)  (pid 8005)
Compiled pages.js  (561ms)  (pid 8005)
Compiled sessions.js  (441ms)  (pid 8005)
Compiled subscriptions.js  (521ms)  (pid 8005)
Compiled users.js  (793ms)  (pid 8005)
Compiled application.js  (4681ms)  (pid 8005)
Compiled active_admin.css  (3775ms)  (pid 8005)
Compiled foundation/globals.css  (64ms)  (pid 8005)
Compiled foundation/typography.css  (32ms)  (pid 8005)
Compiled foundation/grid.css  (43ms)  (pid 8005)
Compiled foundation/ui.css  (175ms)  (pid 8005)
Compiled foundation/forms.css  (86ms)  (pid 8005)
Compiled foundation/orbit.css  (46ms)  (pid 8005)
Compiled foundation/reveal.css  (27ms)  (pid 8005)
Compiled foundation/mobile.css  (277ms)  (pid 8005)
Compiled foundation/index.css  (863ms)  (pid 8005)
Compiled styles.css  (0ms)  (pid 8005)
Compiled application.css  (875ms)  (pid 8005)
Compiled active_admin/print.css  (152ms)  (pid 8005)
Connecting to database specified by database.yml
Migrating to CreateProducts (20120825221648)
Migrating to CreateSubscriptions (20120825222351)
Migrating to CreateSubscriptionItems (20120825222507)
Migrating to CreateUsers (20120825224456)
Migrating to DeviseCreateAdminUsers (20120825230403)
Migrating to CreateAdminNotes (20120826000407)
Migrating to MoveAdminNotesToComments (20120826000408)
Migrating to CreateArticleCategories (20120827121457)
Migrating to CreateArticles (20120827121540)
Migrating to CreateComments (20120827155109)
Migrating to AddGiftMessageToSubscriptions (20120918142319)
Connecting to database specified by database.yml


Started GET "/admin" for 81.110.4.111 at 2012-09-26 20:48:20 +0000
Processing by Admin::DashboardController#index as HTML
Completed 401 Unauthorized in 8ms


Started GET "/admin/login" for 81.110.4.111 at 2012-09-26 20:48:21 +0000
Processing by ActiveAdmin::Devise::SessionsController#new as HTML
  Rendered /home/deploy/apps/bees/shared/bundle/ruby/1.9.1/gems/activeadmin-0.5.0/app/views/active_admin/devise/shared/_links.erb (2.0ms)
  Rendered /home/deploy/apps/bees/shared/bundle/ruby/1.9.1/gems/activeadmin-0.5.0/app/views/active_admin/devise/sessions/new.html.erb within layouts/active_admin_logged_out (567.9ms)
Completed 200 OK in 708ms (Views: 663.9ms | ActiveRecord: 17.5ms)


Started GET "/" for 81.110.4.111 at 2012-09-26 20:48:28 +0000
Processing by PagesController#index as HTML
  Rendered pages/index.html.erb within layouts/application (1.4ms)
Completed 200 OK in 145ms (Views: 114.6ms | ActiveRecord: 29.5ms)


Started GET "/admin" for 81.110.4.111 at 2012-09-26 20:48:45 +0000
Processing by Admin::DashboardController#index as HTML
Completed 401 Unauthorized in 0ms


Started GET "/admin/login" for 81.110.4.111 at 2012-09-26 20:48:45 +0000
Processing by ActiveAdmin::Devise::SessionsController#new as HTML
  Rendered /home/deploy/apps/bees/shared/bundle/ruby/1.9.1/gems/activeadmin-0.5.0/app/views/active_admin/devise/shared/_links.erb (1.6ms)
  Rendered /home/deploy/apps/bees/shared/bundle/ruby/1.9.1/gems/activeadmin-0.5.0/app/views/active_admin/devise/sessions/new.html.erb within layouts/active_admin_logged_out (32.5ms)
Completed 200 OK in 35ms (Views: 34.5ms | ActiveRecord: 0.0ms)


Started POST "/admin/login" for 81.110.4.111 at 2012-09-26 20:49:00 +0000
Processing by ActiveAdmin::Devise::SessionsController#create as HTML
  Parameters: {"utf8"=>"✓", "authenticity_token"=>"zC6yhCBYkLWQXLhw6A35kZw3afri1BfvT5Bz/YtHL/Y=", "admin_user"=>{"email"=>"admin@example.com", "password"=>"[FILTERED]", "remember_me"=>"0"}, "commit"=>"Login"}
Redirected to http://www.busyboxcompany.co.uk/admin
Completed 302 Found in 751ms (ActiveRecord: 0.0ms)


Started GET "/admin" for 81.110.4.111 at 2012-09-26 20:49:01 +0000
Processing by Admin::DashboardController#index as HTML
  Rendered /home/deploy/apps/bees/shared/bundle/ruby/1.9.1/gems/activeadmin-0.5.0/app/views/active_admin/dashboard/index.html.arb (153.2ms)
Completed 200 OK in 195ms (Views: 187.6ms | ActiveRecord: 5.6ms)


Started GET "/admin/logout" for 81.110.4.111 at 2012-09-26 20:49:05 +0000
Processing by ActiveAdmin::Devise::SessionsController#destroy as HTML
  Parameters: {"authenticity_token"=>"zC6yhCBYkLWQXLhw6A35kZw3afri1BfvT5Bz/YtHL/Y="}
Redirected to http://www.busyboxcompany.co.uk/admin
Completed 302 Found in 14ms (ActiveRecord: 6.5ms)


Started GET "/admin" for 81.110.4.111 at 2012-09-26 20:49:05 +0000
Processing by Admin::DashboardController#index as HTML
Completed 401 Unauthorized in 1ms


Started GET "/admin/login" for 81.110.4.111 at 2012-09-26 20:49:05 +0000
Processing by ActiveAdmin::Devise::SessionsController#new as HTML
  Rendered /home/deploy/apps/bees/shared/bundle/ruby/1.9.1/gems/activeadmin-0.5.0/app/views/active_admin/devise/shared/_links.erb (0.6ms)
  Rendered /home/deploy/apps/bees/shared/bundle/ruby/1.9.1/gems/activeadmin-0.5.0/app/views/active_admin/devise/sessions/new.html.erb within layouts/active_admin_logged_out (39.1ms)
Completed 200 OK in 42ms (Views: 41.4ms | ActiveRecord: 0.0ms)
Connecting to database specified by database.yml


Started POST "/admin/login" for 81.110.4.111 at 2012-09-26 20:53:41 +0000
Processing by ActiveAdmin::Devise::SessionsController#create as HTML
  Parameters: {"utf8"=>"✓", "authenticity_token"=>"yiXhyLTveFUE0Ikrfw9jeN+GaQFcTm4S0ZHiWBktWqY=", "admin_user"=>{"email"=>"neal@ripepixel.co.uk", "password"=>"[FILTERED]", "remember_me"=>"0"}, "commit"=>"Login"}
Redirected to http://www.busyboxcompany.co.uk/admin
Completed 302 Found in 310ms (ActiveRecord: 0.0ms)


Started GET "/admin" for 81.110.4.111 at 2012-09-26 20:53:42 +0000
Processing by Admin::DashboardController#index as HTML
  Rendered /home/deploy/apps/bees/shared/bundle/ruby/1.9.1/gems/activeadmin-0.5.0/app/views/active_admin/dashboard/index.html.arb (31.0ms)
Completed 200 OK in 34ms (Views: 31.8ms | ActiveRecord: 0.4ms)


Started GET "/admin/products" for 81.110.4.111 at 2012-09-26 20:53:46 +0000
Processing by Admin::ProductsController#index as HTML
  Rendered /home/deploy/apps/bees/shared/bundle/ruby/1.9.1/gems/activeadmin-0.5.0/app/views/active_admin/resource/index.html.arb (1309.9ms)
Completed 200 OK in 1513ms (Views: 1438.8ms | ActiveRecord: 58.3ms)


Started GET "/admin/products/new" for 81.110.4.111 at 2012-09-26 20:53:50 +0000
Processing by Admin::ProductsController#new as HTML
  Rendered /home/deploy/apps/bees/shared/bundle/ruby/1.9.1/gems/activeadmin-0.5.0/app/views/active_admin/resource/new.html.arb (435.2ms)
Completed 200 OK in 525ms (Views: 467.8ms | ActiveRecord: 0.3ms)


Started POST "/admin/products" for 81.110.4.111 at 2012-09-26 20:54:15 +0000
Processing by Admin::ProductsController#create as HTML
  Parameters: {"utf8"=>"✓", "authenticity_token"=>"yiXhyLTveFUE0Ikrfw9jeN+GaQFcTm4S0ZHiWBktWqY=", "product"=>{"name"=>"Monthly Subscription", "details"=>"", "is_subscription"=>"1", "sub_frequency"=>"1", "sub_period"=>"month", "has_sibling"=>"0", "sub_price"=>"15.99"}, "commit"=>"Create Product"}
Redirected to http://www.busyboxcompany.co.uk/admin/products/1
Completed 302 Found in 116ms (ActiveRecord: 0.0ms)


Started GET "/admin/products/1" for 81.110.4.111 at 2012-09-26 20:54:15 +0000
Processing by Admin::ProductsController#show as HTML
  Parameters: {"id"=>"1"}
  Rendered /home/deploy/apps/bees/shared/bundle/ruby/1.9.1/gems/activeadmin-0.5.0/app/views/active_admin/resource/show.html.arb (234.7ms)
Completed 200 OK in 257ms (Views: 248.4ms | ActiveRecord: 2.7ms)


Started GET "/" for 81.110.4.111 at 2012-09-26 20:54:23 +0000
Processing by PagesController#index as HTML
  Rendered pages/index.html.erb within layouts/application (0.7ms)
Completed 200 OK in 5ms (Views: 5.1ms | ActiveRecord: 0.2ms)


Started GET "/join" for 81.110.4.111 at 2012-09-26 20:54:26 +0000
Processing by JoinController#index as HTML
  Rendered join/index.html.erb within layouts/application (40.0ms)
Completed 200 OK in 53ms (Views: 34.5ms | ActiveRecord: 18.0ms)


Started GET "/admin/products" for 81.110.4.111 at 2012-09-26 20:54:37 +0000
Processing by Admin::ProductsController#index as HTML
  Rendered /home/deploy/apps/bees/shared/bundle/ruby/1.9.1/gems/activeadmin-0.5.0/app/views/active_admin/resource/index.html.arb (420.2ms)
Completed 200 OK in 424ms (Views: 380.1ms | ActiveRecord: 41.2ms)


Started GET "/admin/products/new" for 81.110.4.111 at 2012-09-26 20:54:41 +0000
Processing by Admin::ProductsController#new as HTML
  Rendered /home/deploy/apps/bees/shared/bundle/ruby/1.9.1/gems/activeadmin-0.5.0/app/views/active_admin/resource/new.html.arb (32.8ms)
Completed 200 OK in 38ms (Views: 33.6ms | ActiveRecord: 0.2ms)


Started POST "/admin/products" for 81.110.4.111 at 2012-09-26 20:55:22 +0000
Processing by Admin::ProductsController#create as HTML
  Parameters: {"utf8"=>"✓", "authenticity_token"=>"yiXhyLTveFUE0Ikrfw9jeN+GaQFcTm4S0ZHiWBktWqY=", "product"=>{"name"=>"Monthly Subscription with Sibling", "details"=>"", "is_subscription"=>"1", "sub_frequency"=>"1", "sub_period"=>"month", "has_sibling"=>"1", "sub_price"=>"23.99"}, "commit"=>"Create Product"}
Redirected to http://www.busyboxcompany.co.uk/admin/products/2
Completed 302 Found in 29ms (ActiveRecord: 0.0ms)


Started GET "/admin/products/2" for 81.110.4.111 at 2012-09-26 20:55:22 +0000
Processing by Admin::ProductsController#show as HTML
  Parameters: {"id"=>"2"}
  Rendered /home/deploy/apps/bees/shared/bundle/ruby/1.9.1/gems/activeadmin-0.5.0/app/views/active_admin/resource/show.html.arb (29.0ms)
Completed 200 OK in 32ms (Views: 29.4ms | ActiveRecord: 1.0ms)


Started GET "/join" for 81.110.4.111 at 2012-09-26 20:55:30 +0000
Processing by JoinController#index as HTML
  Rendered join/index.html.erb within layouts/application (4.0ms)
Completed 200 OK in 10ms (Views: 8.3ms | ActiveRecord: 1.2ms)


Started GET "/contact" for 81.110.4.111 at 2012-09-26 20:56:02 +0000
Processing by PagesController#contact as HTML
  Rendered pages/_menu.html.erb (1.3ms)
  Rendered pages/contact.html.erb within layouts/application (10.6ms)
Completed 200 OK in 30ms (Views: 29.0ms | ActiveRecord: 0.2ms)


Started POST "/send_contact_form" for 81.110.4.111 at 2012-09-26 20:56:23 +0000
Processing by PagesController#send_contact_form as HTML
  Parameters: {"utf8"=>"✓", "authenticity_token"=>"TG1sMBCs5Em17/PVVGymrvzwAk06Qup65swtQ6BNb4Y=", "name"=>"Neal Howarth", "email"=>"neal@ripepixel.co.uk", "message"=>"this is a test message from the website", "commit"=>"Send"}
  Rendered contact_mailer/contact.html.erb (0.4ms)
  Rendered contact_mailer/contact.text.erb (0.5ms)

Sent mail to contact@littlebusybees.co.uk (1076ms)
Redirected to http://busyboxcompany.co.uk/contact
Completed 302 Found in 1275ms (ActiveRecord: 0.0ms)


Started GET "/contact" for 81.110.4.111 at 2012-09-26 20:56:24 +0000
Processing by PagesController#contact as HTML
  Rendered pages/_menu.html.erb (0.7ms)
  Rendered pages/contact.html.erb within layouts/application (1.9ms)
Completed 200 OK in 6ms (Views: 6.1ms | ActiveRecord: 0.2ms)


Started GET "/join" for 81.110.4.111 at 2012-09-26 20:57:46 +0000
Processing by JoinController#index as HTML
  Rendered join/index.html.erb within layouts/application (3.0ms)
Completed 200 OK in 8ms (Views: 7.6ms | ActiveRecord: 0.4ms)


Started GET "/craft_boxes" for 81.110.4.111 at 2012-09-26 20:57:54 +0000
Processing by PagesController#craft_boxes as HTML
  Rendered pages/craft_boxes.html.erb within layouts/application (1.2ms)
Completed 200 OK in 26ms (Views: 25.6ms | ActiveRecord: 0.2ms)


Started GET "/admin/logout" for 81.110.4.111 at 2012-09-26 20:58:14 +0000
Processing by ActiveAdmin::Devise::SessionsController#destroy as HTML
  Parameters: {"authenticity_token"=>"yiXhyLTveFUE0Ikrfw9jeN+GaQFcTm4S0ZHiWBktWqY="}
Redirected to http://www.busyboxcompany.co.uk/admin
Completed 302 Found in 3ms (ActiveRecord: 0.3ms)


Started GET "/admin" for 81.110.4.111 at 2012-09-26 20:58:14 +0000
Processing by Admin::DashboardController#index as HTML
Completed 401 Unauthorized in 1ms


Started GET "/admin/login" for 81.110.4.111 at 2012-09-26 20:58:14 +0000
Processing by ActiveAdmin::Devise::SessionsController#new as HTML
  Rendered /home/deploy/apps/bees/shared/bundle/ruby/1.9.1/gems/activeadmin-0.5.0/app/views/active_admin/devise/shared/_links.erb (0.5ms)
  Rendered /home/deploy/apps/bees/shared/bundle/ruby/1.9.1/gems/activeadmin-0.5.0/app/views/active_admin/devise/sessions/new.html.erb within layouts/active_admin_logged_out (61.5ms)
Completed 200 OK in 64ms (Views: 63.5ms | ActiveRecord: 0.0ms)


Started GET "/" for 81.110.4.111 at 2012-09-26 20:59:01 +0000
Processing by PagesController#index as HTML
  Rendered pages/index.html.erb within layouts/application (0.7ms)
Completed 200 OK in 6ms (Views: 6.0ms | ActiveRecord: 0.3ms)


Started GET "/blog" for 81.110.4.111 at 2012-09-26 20:59:28 +0000
Processing by ArticlesController#index as HTML
Completed 500 Internal Server Error in 41ms

NoMethodError (undefined method `where' for []:Array):
  app/controllers/articles_controller.rb:6:in `index'




Started GET "/signup" for 81.110.4.111 at 2012-09-26 20:59:38 +0000
Processing by UsersController#new as HTML
  Rendered users/new.html.erb within layouts/application (3.8ms)
Completed 200 OK in 28ms (Views: 20.9ms | ActiveRecord: 1.3ms)


Started GET "/" for 94.175.239.210 at 2012-09-27 07:54:20 +0000
Processing by PagesController#index as HTML
  Rendered pages/index.html.erb within layouts/application (0.7ms)
Completed 200 OK in 6ms (Views: 5.6ms | ActiveRecord: 0.2ms)


Started GET "/admin" for 94.175.239.210 at 2012-09-27 07:54:46 +0000
Processing by Admin::DashboardController#index as HTML
Completed 401 Unauthorized in 1ms


Started GET "/admin/login" for 94.175.239.210 at 2012-09-27 07:54:46 +0000
Processing by ActiveAdmin::Devise::SessionsController#new as HTML
  Rendered /home/deploy/apps/bees/shared/bundle/ruby/1.9.1/gems/activeadmin-0.5.0/app/views/active_admin/devise/shared/_links.erb (0.4ms)
  Rendered /home/deploy/apps/bees/shared/bundle/ruby/1.9.1/gems/activeadmin-0.5.0/app/views/active_admin/devise/sessions/new.html.erb within layouts/active_admin_logged_out (8.0ms)
Completed 200 OK in 10ms (Views: 9.5ms | ActiveRecord: 0.0ms)


Started POST "/admin/login" for 94.175.239.210 at 2012-09-27 07:54:56 +0000
Processing by ActiveAdmin::Devise::SessionsController#create as HTML
  Parameters: {"utf8"=>"✓", "authenticity_token"=>"XWKCAYvesSBWujbfyNrMx0J3IPHEGrgMJ6gpulxBBd0=", "admin_user"=>{"email"=>"neal@ripepixel.co.uk", "password"=>"[FILTERED]", "remember_me"=>"0"}, "commit"=>"Login"}
Redirected to http://www.busyboxcompany.co.uk/admin
Completed 302 Found in 193ms (ActiveRecord: 0.0ms)


Started GET "/admin" for 94.175.239.210 at 2012-09-27 07:54:56 +0000
Processing by Admin::DashboardController#index as HTML
  Rendered /home/deploy/apps/bees/shared/bundle/ruby/1.9.1/gems/activeadmin-0.5.0/app/views/active_admin/dashboard/index.html.arb (8.6ms)
Completed 200 OK in 11ms (Views: 9.2ms | ActiveRecord: 0.4ms)


Started GET "/admin/articles" for 94.175.239.210 at 2012-09-27 07:55:17 +0000
Processing by Admin::ArticlesController#index as HTML
  Rendered /home/deploy/apps/bees/shared/bundle/ruby/1.9.1/gems/activeadmin-0.5.0/app/views/active_admin/resource/index.html.arb (360.7ms)
Completed 200 OK in 366ms (Views: 361.9ms | ActiveRecord: 1.0ms)


Started GET "/admin/article_categories" for 94.175.239.210 at 2012-09-27 07:55:20 +0000
Processing by Admin::ArticleCategoriesController#index as HTML
  Rendered /home/deploy/apps/bees/shared/bundle/ruby/1.9.1/gems/activeadmin-0.5.0/app/views/active_admin/resource/index.html.arb (167.4ms)
Completed 200 OK in 180ms (Views: 170.5ms | ActiveRecord: 0.6ms)


Started GET "/admin/article_categories/new" for 94.175.239.210 at 2012-09-27 07:55:26 +0000
Processing by Admin::ArticleCategoriesController#new as HTML
  Rendered /home/deploy/apps/bees/shared/bundle/ruby/1.9.1/gems/activeadmin-0.5.0/app/views/active_admin/resource/new.html.arb (16.6ms)
Completed 200 OK in 28ms (Views: 17.3ms | ActiveRecord: 0.2ms)


Started POST "/admin/article_categories" for 94.175.239.210 at 2012-09-27 07:55:30 +0000
Processing by Admin::ArticleCategoriesController#create as HTML
  Parameters: {"utf8"=>"✓", "authenticity_token"=>"XWKCAYvesSBWujbfyNrMx0J3IPHEGrgMJ6gpulxBBd0=", "article_category"=>{"name"=>"News"}, "commit"=>"Create Article category"}
Redirected to http://www.busyboxcompany.co.uk/admin/article_categories/1
Completed 302 Found in 27ms (ActiveRecord: 0.0ms)


Started GET "/admin/article_categories/1" for 94.175.239.210 at 2012-09-27 07:55:30 +0000
Processing by Admin::ArticleCategoriesController#show as HTML
  Parameters: {"id"=>"1"}
  Rendered /home/deploy/apps/bees/shared/bundle/ruby/1.9.1/gems/activeadmin-0.5.0/app/views/active_admin/resource/show.html.arb (18.6ms)
Completed 200 OK in 24ms (Views: 18.9ms | ActiveRecord: 0.9ms)


Started GET "/admin/articles" for 94.175.239.210 at 2012-09-27 07:55:33 +0000
Processing by Admin::ArticlesController#index as HTML
  Rendered /home/deploy/apps/bees/shared/bundle/ruby/1.9.1/gems/activeadmin-0.5.0/app/views/active_admin/resource/index.html.arb (288.7ms)
Completed 200 OK in 292ms (Views: 288.9ms | ActiveRecord: 0.8ms)


Started GET "/admin/articles/new" for 94.175.239.210 at 2012-09-27 07:55:35 +0000
Processing by Admin::ArticlesController#new as HTML
  Rendered /home/deploy/apps/bees/shared/bundle/ruby/1.9.1/gems/activeadmin-0.5.0/app/views/active_admin/resource/new.html.arb (133.4ms)
Completed 200 OK in 150ms (Views: 134.1ms | ActiveRecord: 0.4ms)


Started POST "/admin/articles" for 94.175.239.210 at 2012-09-27 07:56:01 +0000
Processing by Admin::ArticlesController#create as HTML
  Parameters: {"utf8"=>"✓", "authenticity_token"=>"XWKCAYvesSBWujbfyNrMx0J3IPHEGrgMJ6gpulxBBd0=", "article"=>{"article_category_id"=>"1", "title"=>"Welcome Competition", "body"=>"Finally, the site has launched!\r\nIt seems like an eternity since we started to develop the website, along with starting a business and all manner of other things, I didn’t feel like we would ever get to this stage. But, here we are. We are still tweaking it at this stage, but if we didn’t put it live now, we probably never would.\r\n\r\nSo, welcome to Little Busy Bees.\r\n\r\nTo kick off our opening, we have a competition. Head on over to sign up to our newsletter for the chance to win a selection of children’s books. The closing date is the 31st November.", "published"=>"1", "permalink"=>"welcome-competition", "image"=>#<ActionDispatch::Http::UploadedFile:0xc5c8724 @original_filename="book-comp.png", @content_type="image/png", @headers="Content-Disposition: form-data; name=\"article[image]\"; filename=\"book-comp.png\"\r\nContent-Type: image/png\r\n", @tempfile=#<File:/tmp/RackMultipart20120927-8319-1rgkcli>>}, "commit"=>"Create Article"}
Redirected to http://www.busyboxcompany.co.uk/admin/articles/1
Completed 302 Found in 130ms (ActiveRecord: 0.0ms)


Started GET "/admin/articles/1" for 94.175.239.210 at 2012-09-27 07:56:01 +0000
Processing by Admin::ArticlesController#show as HTML
  Parameters: {"id"=>"1"}
  Rendered /home/deploy/apps/bees/shared/bundle/ruby/1.9.1/gems/activeadmin-0.5.0/app/views/active_admin/resource/show.html.arb (45.4ms)
Completed 200 OK in 52ms (Views: 45.7ms | ActiveRecord: 1.1ms)


Started GET "/admin/logout" for 94.175.239.210 at 2012-09-27 07:56:04 +0000
Processing by ActiveAdmin::Devise::SessionsController#destroy as HTML
  Parameters: {"authenticity_token"=>"XWKCAYvesSBWujbfyNrMx0J3IPHEGrgMJ6gpulxBBd0="}
Redirected to http://www.busyboxcompany.co.uk/admin
Completed 302 Found in 3ms (ActiveRecord: 0.5ms)


Started GET "/admin" for 94.175.239.210 at 2012-09-27 07:56:04 +0000
Processing by Admin::DashboardController#index as HTML
Completed 401 Unauthorized in 0ms


Started GET "/admin/login" for 94.175.239.210 at 2012-09-27 07:56:04 +0000
Processing by ActiveAdmin::Devise::SessionsController#new as HTML
  Rendered /home/deploy/apps/bees/shared/bundle/ruby/1.9.1/gems/activeadmin-0.5.0/app/views/active_admin/devise/shared/_links.erb (0.4ms)
  Rendered /home/deploy/apps/bees/shared/bundle/ruby/1.9.1/gems/activeadmin-0.5.0/app/views/active_admin/devise/sessions/new.html.erb within layouts/active_admin_logged_out (8.2ms)
Completed 200 OK in 10ms (Views: 9.8ms | ActiveRecord: 0.0ms)


Started GET "/" for 94.175.239.210 at 2012-09-27 07:56:08 +0000
Processing by PagesController#index as HTML
  Rendered pages/index.html.erb within layouts/application (0.6ms)
Completed 200 OK in 6ms (Views: 5.2ms | ActiveRecord: 0.4ms)


Started GET "/articles/welcome-competition" for 94.175.239.210 at 2012-09-27 07:56:11 +0000
Processing by ArticlesController#show as HTML
  Parameters: {"permalink"=>"welcome-competition"}
  Rendered articles/_sidebar.html.erb (4.0ms)
  Rendered articles/show.html.erb within layouts/application (69.1ms)
Completed 200 OK in 200ms (Views: 89.6ms | ActiveRecord: 15.9ms)


Started GET "/admin" for 94.175.239.210 at 2012-09-27 07:56:28 +0000
Processing by Admin::DashboardController#index as HTML
Completed 401 Unauthorized in 0ms


Started GET "/admin/login" for 94.175.239.210 at 2012-09-27 07:56:28 +0000
Processing by ActiveAdmin::Devise::SessionsController#new as HTML
  Rendered /home/deploy/apps/bees/shared/bundle/ruby/1.9.1/gems/activeadmin-0.5.0/app/views/active_admin/devise/shared/_links.erb (0.4ms)
  Rendered /home/deploy/apps/bees/shared/bundle/ruby/1.9.1/gems/activeadmin-0.5.0/app/views/active_admin/devise/sessions/new.html.erb within layouts/active_admin_logged_out (18.4ms)
Completed 200 OK in 21ms (Views: 20.0ms | ActiveRecord: 0.0ms)


Started POST "/admin/login" for 94.175.239.210 at 2012-09-27 07:56:33 +0000
Processing by ActiveAdmin::Devise::SessionsController#create as HTML
  Parameters: {"utf8"=>"✓", "authenticity_token"=>"QEa3dXkmVPJw7E2AnBzxZGAxQPXPM3xQFVo7KFjZx5k=", "admin_user"=>{"email"=>"neal@ripepixel.co.uk", "password"=>"[FILTERED]", "remember_me"=>"0"}, "commit"=>"Login"}
Redirected to http://www.busyboxcompany.co.uk/admin
Completed 302 Found in 210ms (ActiveRecord: 0.0ms)


Started GET "/admin" for 94.175.239.210 at 2012-09-27 07:56:33 +0000
Processing by Admin::DashboardController#index as HTML
  Rendered /home/deploy/apps/bees/shared/bundle/ruby/1.9.1/gems/activeadmin-0.5.0/app/views/active_admin/dashboard/index.html.arb (21.6ms)
Completed 200 OK in 24ms (Views: 22.3ms | ActiveRecord: 0.4ms)


Started GET "/admin/articles" for 94.175.239.210 at 2012-09-27 07:56:36 +0000
Processing by Admin::ArticlesController#index as HTML
  Rendered /home/deploy/apps/bees/shared/bundle/ruby/1.9.1/gems/activeadmin-0.5.0/app/views/active_admin/resource/index.html.arb (422.6ms)
Completed 200 OK in 426ms (Views: 411.4ms | ActiveRecord: 12.3ms)


Started GET "/admin/articles/1/edit" for 94.175.239.210 at 2012-09-27 07:56:39 +0000
Processing by Admin::ArticlesController#edit as HTML
  Parameters: {"id"=>"1"}
  Rendered /home/deploy/apps/bees/shared/bundle/ruby/1.9.1/gems/activeadmin-0.5.0/app/views/active_admin/resource/edit.html.arb (38.9ms)
Completed 200 OK in 56ms (Views: 50.9ms | ActiveRecord: 0.7ms)


Started PUT "/admin/articles/1" for 94.175.239.210 at 2012-09-27 07:57:24 +0000
Processing by Admin::ArticlesController#update as HTML
  Parameters: {"utf8"=>"✓", "authenticity_token"=>"QEa3dXkmVPJw7E2AnBzxZGAxQPXPM3xQFVo7KFjZx5k=", "article"=>{"article_category_id"=>"1", "title"=>"Welcome Competition", "body"=>"Finally, the site has launched!\r\nIt seems like an eternity since we started to develop the website, along with starting a business and all manner of other things, I didn’t feel like we would ever get to this stage. But, here we are. We are still tweaking it at this stage, but if we didn’t put it live now, we probably never would.\r\n\r\nSo, <strong>welcome to Little Busy Bees</strong>.\r\n\r\nTo kick off our opening, we have a competition. Head on over to <a href=\"./newsletter\">sign up to our newsletter</a> for the chance to win a selection of children’s books. The closing date is the 31st November.", "published"=>"1", "permalink"=>"welcome-competition"}, "commit"=>"Update Article", "id"=>"1"}
Redirected to http://www.busyboxcompany.co.uk/admin/articles/1
Completed 302 Found in 16ms (ActiveRecord: 0.0ms)


Started GET "/admin/articles/1" for 94.175.239.210 at 2012-09-27 07:57:24 +0000
Processing by Admin::ArticlesController#show as HTML
  Parameters: {"id"=>"1"}
  Rendered /home/deploy/apps/bees/shared/bundle/ruby/1.9.1/gems/activeadmin-0.5.0/app/views/active_admin/resource/show.html.arb (20.9ms)
Completed 200 OK in 25ms (Views: 21.1ms | ActiveRecord: 1.1ms)


Started GET "/" for 94.175.239.210 at 2012-09-27 07:57:31 +0000
Processing by PagesController#index as HTML
  Rendered pages/index.html.erb within layouts/application (0.6ms)
Completed 200 OK in 6ms (Views: 5.7ms | ActiveRecord: 0.6ms)


Started GET "/articles/welcome-competition" for 94.175.239.210 at 2012-09-27 07:57:33 +0000
Processing by ArticlesController#show as HTML
  Parameters: {"permalink"=>"welcome-competition"}
  Rendered articles/_sidebar.html.erb (2.9ms)
  Rendered articles/show.html.erb within layouts/application (10.2ms)
Completed 200 OK in 19ms (Views: 13.9ms | ActiveRecord: 2.3ms)


Started GET "/admin/articles/1/edit" for 94.175.239.210 at 2012-09-27 07:57:48 +0000
Processing by Admin::ArticlesController#edit as HTML
  Parameters: {"id"=>"1"}
  Rendered /home/deploy/apps/bees/shared/bundle/ruby/1.9.1/gems/activeadmin-0.5.0/app/views/active_admin/resource/edit.html.arb (31.5ms)
Completed 200 OK in 34ms (Views: 31.7ms | ActiveRecord: 0.8ms)


Started PUT "/admin/articles/1" for 94.175.239.210 at 2012-09-27 07:57:57 +0000
Processing by Admin::ArticlesController#update as HTML
  Parameters: {"utf8"=>"✓", "authenticity_token"=>"QEa3dXkmVPJw7E2AnBzxZGAxQPXPM3xQFVo7KFjZx5k=", "article"=>{"article_category_id"=>"1", "title"=>"Welcome Competition", "body"=>"Finally, the site has launched!\r\nIt seems like an eternity since we started to develop the website, along with starting a business and all manner of other things, I didn’t feel like we would ever get to this stage. But, here we are. We are still tweaking it at this stage, but if we didn’t put it live now, we probably never would.\r\n\r\nSo, <strong>welcome to Little Busy Bees</strong>.\r\n\r\nTo kick off our opening, we have a competition. Head on over to <a href=\"../newsletter\">sign up to our newsletter</a> for the chance to win a selection of children’s books. The closing date is the 31st November.", "published"=>"1", "permalink"=>"welcome-competition"}, "commit"=>"Update Article", "id"=>"1"}
Redirected to http://www.busyboxcompany.co.uk/admin/articles/1
Completed 302 Found in 12ms (ActiveRecord: 0.0ms)


Started GET "/admin/articles/1" for 94.175.239.210 at 2012-09-27 07:57:57 +0000
Processing by Admin::ArticlesController#show as HTML
  Parameters: {"id"=>"1"}
  Rendered /home/deploy/apps/bees/shared/bundle/ruby/1.9.1/gems/activeadmin-0.5.0/app/views/active_admin/resource/show.html.arb (29.3ms)
Completed 200 OK in 32ms (Views: 29.6ms | ActiveRecord: 0.9ms)


Started GET "/articles/welcome-competition" for 94.175.239.210 at 2012-09-27 07:57:58 +0000
Processing by ArticlesController#show as HTML
  Parameters: {"permalink"=>"welcome-competition"}
  Rendered articles/_sidebar.html.erb (4.1ms)
  Rendered articles/show.html.erb within layouts/application (15.0ms)
Completed 200 OK in 28ms (Views: 20.4ms | ActiveRecord: 3.5ms)


Started GET "/newsletter" for 94.175.239.210 at 2012-09-27 07:58:02 +0000
Processing by PagesController#newsletter as HTML
  Rendered pages/newsletter.html.erb within layouts/application (1.6ms)
Completed 200 OK in 33ms (Views: 24.1ms | ActiveRecord: 0.2ms)


Started GET "/admin/logout" for 94.175.239.210 at 2012-09-27 07:58:12 +0000
Processing by ActiveAdmin::Devise::SessionsController#destroy as HTML
  Parameters: {"authenticity_token"=>"QEa3dXkmVPJw7E2AnBzxZGAxQPXPM3xQFVo7KFjZx5k="}
Redirected to http://www.busyboxcompany.co.uk/admin
Completed 302 Found in 2ms (ActiveRecord: 0.3ms)


Started GET "/admin" for 94.175.239.210 at 2012-09-27 07:58:12 +0000
Processing by Admin::DashboardController#index as HTML
Completed 401 Unauthorized in 0ms


Started GET "/admin/login" for 94.175.239.210 at 2012-09-27 07:58:12 +0000
Processing by ActiveAdmin::Devise::SessionsController#new as HTML
  Rendered /home/deploy/apps/bees/shared/bundle/ruby/1.9.1/gems/activeadmin-0.5.0/app/views/active_admin/devise/shared/_links.erb (0.5ms)
  Rendered /home/deploy/apps/bees/shared/bundle/ruby/1.9.1/gems/activeadmin-0.5.0/app/views/active_admin/devise/sessions/new.html.erb within layouts/active_admin_logged_out (10.4ms)
Completed 200 OK in 13ms (Views: 12.4ms | ActiveRecord: 0.0ms)


Started GET "/manager/status" for 221.134.198.20 at 2012-09-27 12:15:44 +0000

ActionController::RoutingError (No route matches [GET] "/manager/status"):
  actionpack (3.2.8) lib/action_dispatch/middleware/debug_exceptions.rb:21:in `call'
  actionpack (3.2.8) lib/action_dispatch/middleware/show_exceptions.rb:56:in `call'
  railties (3.2.8) lib/rails/rack/logger.rb:26:in `call_app'
  railties (3.2.8) lib/rails/rack/logger.rb:16:in `call'
  actionpack (3.2.8) lib/action_dispatch/middleware/request_id.rb:22:in `call'
  rack (1.4.1) lib/rack/methodoverride.rb:21:in `call'
  rack (1.4.1) lib/rack/runtime.rb:17:in `call'
  activesupport (3.2.8) lib/active_support/cache/strategy/local_cache.rb:72:in `call'
  rack (1.4.1) lib/rack/lock.rb:15:in `call'
  rack-cache (1.2) lib/rack/cache/context.rb:136:in `forward'
  rack-cache (1.2) lib/rack/cache/context.rb:245:in `fetch'
  rack-cache (1.2) lib/rack/cache/context.rb:185:in `lookup'
  rack-cache (1.2) lib/rack/cache/context.rb:66:in `call!'
  rack-cache (1.2) lib/rack/cache/context.rb:51:in `call'
  railties (3.2.8) lib/rails/engine.rb:479:in `call'
  railties (3.2.8) lib/rails/application.rb:223:in `call'
  railties (3.2.8) lib/rails/railtie/configurable.rb:30:in `method_missing'
  passenger (3.0.17) lib/phusion_passenger/rack/request_handler.rb:96:in `process_request'
  passenger (3.0.17) lib/phusion_passenger/abstract_request_handler.rb:516:in `accept_and_process_next_request'
  passenger (3.0.17) lib/phusion_passenger/abstract_request_handler.rb:274:in `main_loop'
  passenger (3.0.17) lib/phusion_passenger/rack/application_spawner.rb:206:in `start_request_handler'
  passenger (3.0.17) lib/phusion_passenger/rack/application_spawner.rb:171:in `block in handle_spawn_application'
  passenger (3.0.17) lib/phusion_passenger/utils.rb:470:in `safe_fork'
  passenger (3.0.17) lib/phusion_passenger/rack/application_spawner.rb:166:in `handle_spawn_application'
  passenger (3.0.17) lib/phusion_passenger/abstract_server.rb:357:in `server_main_loop'
  passenger (3.0.17) lib/phusion_passenger/abstract_server.rb:206:in `start_synchronously'
  passenger (3.0.17) lib/phusion_passenger/abstract_server.rb:180:in `start'
  passenger (3.0.17) lib/phusion_passenger/rack/application_spawner.rb:129:in `start'
  passenger (3.0.17) lib/phusion_passenger/spawn_manager.rb:253:in `block (2 levels) in spawn_rack_application'
  passenger (3.0.17) lib/phusion_passenger/abstract_server_collection.rb:132:in `lookup_or_add'
  passenger (3.0.17) lib/phusion_passenger/spawn_manager.rb:246:in `block in spawn_rack_application'
  passenger (3.0.17) lib/phusion_passenger/abstract_server_collection.rb:82:in `block in synchronize'
  <internal:prelude>:10:in `synchronize'
  passenger (3.0.17) lib/phusion_passenger/abstract_server_collection.rb:79:in `synchronize'
  passenger (3.0.17) lib/phusion_passenger/spawn_manager.rb:244:in `spawn_rack_application'
  passenger (3.0.17) lib/phusion_passenger/spawn_manager.rb:137:in `spawn_application'
  passenger (3.0.17) lib/phusion_passenger/spawn_manager.rb:275:in `handle_spawn_application'
  passenger (3.0.17) lib/phusion_passenger/abstract_server.rb:357:in `server_main_loop'
  passenger (3.0.17) lib/phusion_passenger/abstract_server.rb:206:in `start_synchronously'
  passenger (3.0.17) helper-scripts/passenger-spawn-server:99:in `<main>'




Started GET "/" for 94.175.239.210 at 2012-09-27 13:23:07 +0000
Processing by PagesController#index as HTML
  Rendered pages/index.html.erb within layouts/application (0.6ms)
Completed 200 OK in 6ms (Views: 5.2ms | ActiveRecord: 0.2ms)


Started GET "/join" for 94.175.239.210 at 2012-09-27 13:23:19 +0000
Processing by JoinController#index as HTML
  Rendered join/index.html.erb within layouts/application (3.1ms)
Completed 200 OK in 16ms (Views: 15.5ms | ActiveRecord: 0.4ms)


Started GET "/craft_boxes" for 94.175.239.210 at 2012-09-27 13:23:30 +0000
Processing by PagesController#craft_boxes as HTML
  Rendered pages/craft_boxes.html.erb within layouts/application (0.5ms)
Completed 200 OK in 5ms (Views: 4.6ms | ActiveRecord: 0.2ms)


Started GET "/blog" for 94.175.239.210 at 2012-09-27 13:23:34 +0000
Processing by ArticlesController#index as HTML
  Rendered articles/_sidebar.html.erb (2.9ms)
  Rendered articles/index.html.erb within layouts/application (40.3ms)
Completed 200 OK in 92ms (Views: 56.1ms | ActiveRecord: 32.6ms)


Started GET "/login" for 94.175.239.210 at 2012-09-27 13:23:36 +0000
Processing by SessionsController#new as HTML
  Rendered sessions/new.html.erb within layouts/application (4.3ms)
Completed 200 OK in 36ms (Views: 34.6ms | ActiveRecord: 1.0ms)


Started GET "/signup" for 94.175.239.210 at 2012-09-27 13:23:39 +0000
Processing by UsersController#new as HTML
  Rendered users/new.html.erb within layouts/application (2.1ms)
Completed 200 OK in 6ms (Views: 5.9ms | ActiveRecord: 0.2ms)


Started GET "/" for 178.162.181.38 at 2012-09-27 17:13:31 +0000
Processing by PagesController#index as HTML
  Rendered pages/index.html.erb within layouts/application (5.9ms)
Completed 200 OK in 11ms (Views: 11.1ms | ActiveRecord: 0.2ms)


Started GET "/admin" for 81.110.4.111 at 2012-09-27 17:48:33 +0000
Processing by Admin::DashboardController#index as HTML
Completed 401 Unauthorized in 1ms


Started GET "/admin/login" for 81.110.4.111 at 2012-09-27 17:48:33 +0000
Processing by ActiveAdmin::Devise::SessionsController#new as HTML
  Rendered /home/deploy/apps/bees/shared/bundle/ruby/1.9.1/gems/activeadmin-0.5.0/app/views/active_admin/devise/shared/_links.erb (0.5ms)
  Rendered /home/deploy/apps/bees/shared/bundle/ruby/1.9.1/gems/activeadmin-0.5.0/app/views/active_admin/devise/sessions/new.html.erb within layouts/active_admin_logged_out (17.5ms)
Completed 200 OK in 20ms (Views: 19.4ms | ActiveRecord: 0.0ms)


Started GET "/" for 81.110.4.111 at 2012-09-27 17:56:10 +0000
Processing by PagesController#index as HTML
  Rendered pages/index.html.erb within layouts/application (6.3ms)
Completed 200 OK in 18ms (Views: 17.7ms | ActiveRecord: 0.3ms)


Started GET "/admin" for 81.110.4.111 at 2012-09-27 19:10:34 +0000
Processing by Admin::DashboardController#index as HTML
Completed 401 Unauthorized in 0ms


Started GET "/admin/login" for 81.110.4.111 at 2012-09-27 19:10:34 +0000
Processing by ActiveAdmin::Devise::SessionsController#new as HTML
  Rendered /home/deploy/apps/bees/shared/bundle/ruby/1.9.1/gems/activeadmin-0.5.0/app/views/active_admin/devise/shared/_links.erb (0.4ms)
  Rendered /home/deploy/apps/bees/shared/bundle/ruby/1.9.1/gems/activeadmin-0.5.0/app/views/active_admin/devise/sessions/new.html.erb within layouts/active_admin_logged_out (7.8ms)
Completed 200 OK in 10ms (Views: 9.3ms | ActiveRecord: 0.0ms)


Started GET "/remote.php" for 91.226.212.41 at 2012-09-28 00:36:48 +0000

ActionController::RoutingError (No route matches [GET] "/remote.php"):
  actionpack (3.2.8) lib/action_dispatch/middleware/debug_exceptions.rb:21:in `call'
  actionpack (3.2.8) lib/action_dispatch/middleware/show_exceptions.rb:56:in `call'
  railties (3.2.8) lib/rails/rack/logger.rb:26:in `call_app'
  railties (3.2.8) lib/rails/rack/logger.rb:16:in `call'
  actionpack (3.2.8) lib/action_dispatch/middleware/request_id.rb:22:in `call'
  rack (1.4.1) lib/rack/methodoverride.rb:21:in `call'
  rack (1.4.1) lib/rack/runtime.rb:17:in `call'
  activesupport (3.2.8) lib/active_support/cache/strategy/local_cache.rb:72:in `call'
  rack (1.4.1) lib/rack/lock.rb:15:in `call'
  rack-cache (1.2) lib/rack/cache/context.rb:136:in `forward'
  rack-cache (1.2) lib/rack/cache/context.rb:245:in `fetch'
  rack-cache (1.2) lib/rack/cache/context.rb:185:in `lookup'
  rack-cache (1.2) lib/rack/cache/context.rb:66:in `call!'
  rack-cache (1.2) lib/rack/cache/context.rb:51:in `call'
  railties (3.2.8) lib/rails/engine.rb:479:in `call'
  railties (3.2.8) lib/rails/application.rb:223:in `call'
  railties (3.2.8) lib/rails/railtie/configurable.rb:30:in `method_missing'
  passenger (3.0.17) lib/phusion_passenger/rack/request_handler.rb:96:in `process_request'
  passenger (3.0.17) lib/phusion_passenger/abstract_request_handler.rb:516:in `accept_and_process_next_request'
  passenger (3.0.17) lib/phusion_passenger/abstract_request_handler.rb:274:in `main_loop'
  passenger (3.0.17) lib/phusion_passenger/rack/application_spawner.rb:206:in `start_request_handler'
  passenger (3.0.17) lib/phusion_passenger/rack/application_spawner.rb:171:in `block in handle_spawn_application'
  passenger (3.0.17) lib/phusion_passenger/utils.rb:470:in `safe_fork'
  passenger (3.0.17) lib/phusion_passenger/rack/application_spawner.rb:166:in `handle_spawn_application'
  passenger (3.0.17) lib/phusion_passenger/abstract_server.rb:357:in `server_main_loop'
  passenger (3.0.17) lib/phusion_passenger/abstract_server.rb:206:in `start_synchronously'
  passenger (3.0.17) lib/phusion_passenger/abstract_server.rb:180:in `start'
  passenger (3.0.17) lib/phusion_passenger/rack/application_spawner.rb:129:in `start'
  passenger (3.0.17) lib/phusion_passenger/spawn_manager.rb:253:in `block (2 levels) in spawn_rack_application'
  passenger (3.0.17) lib/phusion_passenger/abstract_server_collection.rb:132:in `lookup_or_add'
  passenger (3.0.17) lib/phusion_passenger/spawn_manager.rb:246:in `block in spawn_rack_application'
  passenger (3.0.17) lib/phusion_passenger/abstract_server_collection.rb:82:in `block in synchronize'
  <internal:prelude>:10:in `synchronize'
  passenger (3.0.17) lib/phusion_passenger/abstract_server_collection.rb:79:in `synchronize'
  passenger (3.0.17) lib/phusion_passenger/spawn_manager.rb:244:in `spawn_rack_application'
  passenger (3.0.17) lib/phusion_passenger/spawn_manager.rb:137:in `spawn_application'
  passenger (3.0.17) lib/phusion_passenger/spawn_manager.rb:275:in `handle_spawn_application'
  passenger (3.0.17) lib/phusion_passenger/abstract_server.rb:357:in `server_main_loop'
  passenger (3.0.17) lib/phusion_passenger/abstract_server.rb:206:in `start_synchronously'
  passenger (3.0.17) helper-scripts/passenger-spawn-server:99:in `<main>'




Started GET "/manager/html" for 46.137.247.41 at 2012-09-28 03:24:19 +0000

ActionController::RoutingError (No route matches [GET] "/manager/html"):
  actionpack (3.2.8) lib/action_dispatch/middleware/debug_exceptions.rb:21:in `call'
  actionpack (3.2.8) lib/action_dispatch/middleware/show_exceptions.rb:56:in `call'
  railties (3.2.8) lib/rails/rack/logger.rb:26:in `call_app'
  railties (3.2.8) lib/rails/rack/logger.rb:16:in `call'
  actionpack (3.2.8) lib/action_dispatch/middleware/request_id.rb:22:in `call'
  rack (1.4.1) lib/rack/methodoverride.rb:21:in `call'
  rack (1.4.1) lib/rack/runtime.rb:17:in `call'
  activesupport (3.2.8) lib/active_support/cache/strategy/local_cache.rb:72:in `call'
  rack (1.4.1) lib/rack/lock.rb:15:in `call'
  rack-cache (1.2) lib/rack/cache/context.rb:136:in `forward'
  rack-cache (1.2) lib/rack/cache/context.rb:245:in `fetch'
  rack-cache (1.2) lib/rack/cache/context.rb:185:in `lookup'
  rack-cache (1.2) lib/rack/cache/context.rb:66:in `call!'
  rack-cache (1.2) lib/rack/cache/context.rb:51:in `call'
  railties (3.2.8) lib/rails/engine.rb:479:in `call'
  railties (3.2.8) lib/rails/application.rb:223:in `call'
  railties (3.2.8) lib/rails/railtie/configurable.rb:30:in `method_missing'
  passenger (3.0.17) lib/phusion_passenger/rack/request_handler.rb:96:in `process_request'
  passenger (3.0.17) lib/phusion_passenger/abstract_request_handler.rb:516:in `accept_and_process_next_request'
  passenger (3.0.17) lib/phusion_passenger/abstract_request_handler.rb:274:in `main_loop'
  passenger (3.0.17) lib/phusion_passenger/rack/application_spawner.rb:206:in `start_request_handler'
  passenger (3.0.17) lib/phusion_passenger/rack/application_spawner.rb:171:in `block in handle_spawn_application'
  passenger (3.0.17) lib/phusion_passenger/utils.rb:470:in `safe_fork'
  passenger (3.0.17) lib/phusion_passenger/rack/application_spawner.rb:166:in `handle_spawn_application'
  passenger (3.0.17) lib/phusion_passenger/abstract_server.rb:357:in `server_main_loop'
  passenger (3.0.17) lib/phusion_passenger/abstract_server.rb:206:in `start_synchronously'
  passenger (3.0.17) lib/phusion_passenger/abstract_server.rb:180:in `start'
  passenger (3.0.17) lib/phusion_passenger/rack/application_spawner.rb:129:in `start'
  passenger (3.0.17) lib/phusion_passenger/spawn_manager.rb:253:in `block (2 levels) in spawn_rack_application'
  passenger (3.0.17) lib/phusion_passenger/abstract_server_collection.rb:132:in `lookup_or_add'
  passenger (3.0.17) lib/phusion_passenger/spawn_manager.rb:246:in `block in spawn_rack_application'
  passenger (3.0.17) lib/phusion_passenger/abstract_server_collection.rb:82:in `block in synchronize'
  <internal:prelude>:10:in `synchronize'
  passenger (3.0.17) lib/phusion_passenger/abstract_server_collection.rb:79:in `synchronize'
  passenger (3.0.17) lib/phusion_passenger/spawn_manager.rb:244:in `spawn_rack_application'
  passenger (3.0.17) lib/phusion_passenger/spawn_manager.rb:137:in `spawn_application'
  passenger (3.0.17) lib/phusion_passenger/spawn_manager.rb:275:in `handle_spawn_application'
  passenger (3.0.17) lib/phusion_passenger/abstract_server.rb:357:in `server_main_loop'
  passenger (3.0.17) lib/phusion_passenger/abstract_server.rb:206:in `start_synchronously'
  passenger (3.0.17) helper-scripts/passenger-spawn-server:99:in `<main>'




Started GET "/manager/html" for 218.201.121.99 at 2012-09-28 07:08:38 +0000

ActionController::RoutingError (No route matches [GET] "/manager/html"):
  actionpack (3.2.8) lib/action_dispatch/middleware/debug_exceptions.rb:21:in `call'
  actionpack (3.2.8) lib/action_dispatch/middleware/show_exceptions.rb:56:in `call'
  railties (3.2.8) lib/rails/rack/logger.rb:26:in `call_app'
  railties (3.2.8) lib/rails/rack/logger.rb:16:in `call'
  actionpack (3.2.8) lib/action_dispatch/middleware/request_id.rb:22:in `call'
  rack (1.4.1) lib/rack/methodoverride.rb:21:in `call'
  rack (1.4.1) lib/rack/runtime.rb:17:in `call'
  activesupport (3.2.8) lib/active_support/cache/strategy/local_cache.rb:72:in `call'
  rack (1.4.1) lib/rack/lock.rb:15:in `call'
  rack-cache (1.2) lib/rack/cache/context.rb:136:in `forward'
  rack-cache (1.2) lib/rack/cache/context.rb:245:in `fetch'
  rack-cache (1.2) lib/rack/cache/context.rb:185:in `lookup'
  rack-cache (1.2) lib/rack/cache/context.rb:66:in `call!'
  rack-cache (1.2) lib/rack/cache/context.rb:51:in `call'
  railties (3.2.8) lib/rails/engine.rb:479:in `call'
  railties (3.2.8) lib/rails/application.rb:223:in `call'
  railties (3.2.8) lib/rails/railtie/configurable.rb:30:in `method_missing'
  passenger (3.0.17) lib/phusion_passenger/rack/request_handler.rb:96:in `process_request'
  passenger (3.0.17) lib/phusion_passenger/abstract_request_handler.rb:516:in `accept_and_process_next_request'
  passenger (3.0.17) lib/phusion_passenger/abstract_request_handler.rb:274:in `main_loop'
  passenger (3.0.17) lib/phusion_passenger/rack/application_spawner.rb:206:in `start_request_handler'
  passenger (3.0.17) lib/phusion_passenger/rack/application_spawner.rb:171:in `block in handle_spawn_application'
  passenger (3.0.17) lib/phusion_passenger/utils.rb:470:in `safe_fork'
  passenger (3.0.17) lib/phusion_passenger/rack/application_spawner.rb:166:in `handle_spawn_application'
  passenger (3.0.17) lib/phusion_passenger/abstract_server.rb:357:in `server_main_loop'
  passenger (3.0.17) lib/phusion_passenger/abstract_server.rb:206:in `start_synchronously'
  passenger (3.0.17) lib/phusion_passenger/abstract_server.rb:180:in `start'
  passenger (3.0.17) lib/phusion_passenger/rack/application_spawner.rb:129:in `start'
  passenger (3.0.17) lib/phusion_passenger/spawn_manager.rb:253:in `block (2 levels) in spawn_rack_application'
  passenger (3.0.17) lib/phusion_passenger/abstract_server_collection.rb:132:in `lookup_or_add'
  passenger (3.0.17) lib/phusion_passenger/spawn_manager.rb:246:in `block in spawn_rack_application'
  passenger (3.0.17) lib/phusion_passenger/abstract_server_collection.rb:82:in `block in synchronize'
  <internal:prelude>:10:in `synchronize'
  passenger (3.0.17) lib/phusion_passenger/abstract_server_collection.rb:79:in `synchronize'
  passenger (3.0.17) lib/phusion_passenger/spawn_manager.rb:244:in `spawn_rack_application'
  passenger (3.0.17) lib/phusion_passenger/spawn_manager.rb:137:in `spawn_application'
  passenger (3.0.17) lib/phusion_passenger/spawn_manager.rb:275:in `handle_spawn_application'
  passenger (3.0.17) lib/phusion_passenger/abstract_server.rb:357:in `server_main_loop'
  passenger (3.0.17) lib/phusion_passenger/abstract_server.rb:206:in `start_synchronously'
  passenger (3.0.17) helper-scripts/passenger-spawn-server:99:in `<main>'




Started GET "/" for 94.175.239.210 at 2012-09-28 09:08:11 +0000
Processing by PagesController#index as HTML
  Rendered pages/index.html.erb within layouts/application (0.6ms)
Completed 200 OK in 6ms (Views: 6.0ms | ActiveRecord: 0.2ms)


Started GET "/craft_boxes" for 94.175.239.210 at 2012-09-28 09:08:14 +0000
Processing by PagesController#craft_boxes as HTML
  Rendered pages/craft_boxes.html.erb within layouts/application (0.6ms)
Completed 200 OK in 7ms (Views: 6.4ms | ActiveRecord: 0.2ms)
